2018-11-07 11:57:55.638  INFO 2163 --- [           main] s.c.a.AnnotationConfigApplicationContext : Refreshing org.springframework.context.annotation.AnnotationConfigApplicationContext@f5f2bb7: startup date [Wed Nov 07 11:57:55 AEDT 2018]; root of context hierarchy
2018-11-07 11:57:56.274  INFO 2163 --- [           main] f.a.AutowiredAnnotationBeanPostProcessor : JSR-330 'javax.inject.Inject' annotation found and supported for autowiring
2018-11-07 11:57:56.330  INFO 2163 --- [           main] trationDelegate$BeanPostProcessorChecker : Bean 'configurationPropertiesRebinderAutoConfiguration' of type [org.springframework.cloud.autoconfigure.ConfigurationPropertiesRebinderAutoConfiguration$$EnhancerBySpringCGLIB$$9193e4fd] is not eligible for getting processed by all BeanPostProcessors (for example: not eligible for auto-proxying)

  .   ____          _            __ _ _
 /\\ / ___'_ __ _ _(_)_ __  __ _ \ \ \ \
( ( )\___ | '_ | '_| | '_ \/ _` | \ \ \ \
 \\/  ___)| |_)| | | | | || (_| |  ) ) ) )
  '  |____| .__|_| |_|_| |_\__, | / / / /
 =========|_|==============|___/=/_/_/_/
 :: Spring Boot ::        (v2.0.5.RELEASE)

2018-11-07 11:57:56.970  INFO 2163 --- [           main] c.t.a.ApiGatewayServerApplication        : No active profile set, falling back to default profiles: default
2018-11-07 11:57:57.042  INFO 2163 --- [           main] ConfigServletWebServerApplicationContext : Refreshing org.springframework.boot.web.servlet.context.AnnotationConfigServletWebServerApplicationContext@490ab905: startup date [Wed Nov 07 11:57:57 AEDT 2018]; parent: org.springframework.context.annotation.AnnotationConfigApplicationContext@f5f2bb7
2018-11-07 11:57:58.899  INFO 2163 --- [           main] o.s.b.f.s.DefaultListableBeanFactory     : Overriding bean definition for bean 'counterFactory' with a different definition: replacing [Root bean: class [null]; scope=; abstract=false; lazyInit=false; autowireMode=3; dependencyCheck=0; autowireCandidate=true; primary=false; factoryBeanName=org.springframework.cloud.netflix.zuul.ZuulServerAutoConfiguration$ZuulMetricsConfiguration; factoryMethodName=counterFactory; initMethodName=null; destroyMethodName=(inferred); defined in class path resource [org/springframework/cloud/netflix/zuul/ZuulServerAutoConfiguration$ZuulMetricsConfiguration.class]] with [Root bean: class [null]; scope=; abstract=false; lazyInit=false; autowireMode=3; dependencyCheck=0; autowireCandidate=true; primary=false; factoryBeanName=org.springframework.cloud.netflix.zuul.ZuulServerAutoConfiguration$ZuulCounterFactoryConfiguration; factoryMethodName=counterFactory; initMethodName=null; destroyMethodName=(inferred); defined in class path resource [org/springframework/cloud/netflix/zuul/ZuulServerAutoConfiguration$ZuulCounterFactoryConfiguration.class]]
2018-11-07 11:57:59.633  INFO 2163 --- [           main] o.s.cloud.context.scope.GenericScope     : BeanFactory id=664e5a1a-b8ea-32a7-be74-98e5907bd4e3
2018-11-07 11:57:59.681  INFO 2163 --- [           main] f.a.AutowiredAnnotationBeanPostProcessor : JSR-330 'javax.inject.Inject' annotation found and supported for autowiring
2018-11-07 11:58:00.318  INFO 2163 --- [           main] trationDelegate$BeanPostProcessorChecker : Bean 'org.springframework.cloud.autoconfigure.ConfigurationPropertiesRebinderAutoConfiguration' of type [org.springframework.cloud.autoconfigure.ConfigurationPropertiesRebinderAutoConfiguration$$EnhancerBySpringCGLIB$$9193e4fd] is not eligible for getting processed by all BeanPostProcessors (for example: not eligible for auto-proxying)
2018-11-07 11:58:01.421  INFO 2163 --- [           main] o.s.b.w.embedded.tomcat.TomcatWebServer  : Tomcat initialized with port(s): 8765 (http)
2018-11-07 11:58:01.492  INFO 2163 --- [           main] o.apache.catalina.core.StandardService   : Starting service [Tomcat]
2018-11-07 11:58:01.492  INFO 2163 --- [           main] org.apache.catalina.core.StandardEngine  : Starting Servlet Engine: Apache Tomcat/8.5.34
2018-11-07 11:58:01.512  INFO 2163 --- [ost-startStop-1] o.a.catalina.core.AprLifecycleListener   : The APR based Apache Tomcat Native library which allows optimal performance in production environments was not found on the java.library.path: [/Users/723310/Library/Java/Extensions:/Library/Java/Extensions:/Network/Library/Java/Extensions:/System/Library/Java/Extensions:/usr/lib/java:.]
2018-11-07 11:58:01.649  INFO 2163 --- [ost-startStop-1] o.a.c.c.C.[Tomcat].[localhost].[/]       : Initializing Spring embedded WebApplicationContext
2018-11-07 11:58:01.649  INFO 2163 --- [ost-startStop-1] o.s.web.context.ContextLoader            : Root WebApplicationContext: initialization completed in 4607 ms
2018-11-07 11:58:02.039  WARN 2163 --- [ost-startStop-1] c.n.c.sources.URLConfigurationSource     : No URLs will be polled as dynamic configuration sources.
2018-11-07 11:58:02.040  INFO 2163 --- [ost-startStop-1] c.n.c.sources.URLConfigurationSource     : To enable URLs as dynamic configuration sources, define System property archaius.configurationSource.additionalUrls or make config.properties available on classpath.
2018-11-07 11:58:02.090  INFO 2163 --- [ost-startStop-1] c.netflix.config.DynamicPropertyFactory  : DynamicPropertyFactory is initialized with configuration sources: com.netflix.config.ConcurrentCompositeConfiguration@1a462f16
2018-11-07 11:58:04.328  INFO 2163 --- [ost-startStop-1] o.s.b.w.servlet.FilterRegistrationBean   : Mapping filter: 'CORSFilter' to: [/*]
2018-11-07 11:58:04.328  INFO 2163 --- [ost-startStop-1] o.s.b.w.servlet.FilterRegistrationBean   : Mapping filter: 'characterEncodingFilter' to: [/*]
2018-11-07 11:58:04.328  INFO 2163 --- [ost-startStop-1] o.s.b.w.servlet.FilterRegistrationBean   : Mapping filter: 'webMvcMetricsFilter' to: [/*]
2018-11-07 11:58:04.329  INFO 2163 --- [ost-startStop-1] o.s.b.w.servlet.FilterRegistrationBean   : Mapping filter: 'hiddenHttpMethodFilter' to: [/*]
2018-11-07 11:58:04.329  INFO 2163 --- [ost-startStop-1] o.s.b.w.servlet.FilterRegistrationBean   : Mapping filter: 'httpPutFormContentFilter' to: [/*]
2018-11-07 11:58:04.329  INFO 2163 --- [ost-startStop-1] o.s.b.w.servlet.FilterRegistrationBean   : Mapping filter: 'requestContextFilter' to: [/*]
2018-11-07 11:58:04.329  INFO 2163 --- [ost-startStop-1] o.s.b.w.servlet.FilterRegistrationBean   : Mapping filter: 'httpTraceFilter' to: [/*]
2018-11-07 11:58:04.329  INFO 2163 --- [ost-startStop-1] o.s.b.w.servlet.ServletRegistrationBean  : Servlet dispatcherServlet mapped to [/]
2018-11-07 11:58:04.331  INFO 2163 --- [ost-startStop-1] o.s.b.w.servlet.ServletRegistrationBean  : Servlet zuulServlet mapped to [/zuul/*]
2018-11-07 11:58:04.466  WARN 2163 --- [           main] c.n.c.sources.URLConfigurationSource     : No URLs will be polled as dynamic configuration sources.
2018-11-07 11:58:04.467  INFO 2163 --- [           main] c.n.c.sources.URLConfigurationSource     : To enable URLs as dynamic configuration sources, define System property archaius.configurationSource.additionalUrls or make config.properties available on classpath.
2018-11-07 11:58:04.604  INFO 2163 --- [           main] o.s.w.s.handler.SimpleUrlHandlerMapping  : Mapped URL path [/**/favicon.ico] onto handler of type [class org.springframework.web.servlet.resource.ResourceHttpRequestHandler]
2018-11-07 11:58:04.925  INFO 2163 --- [           main] s.w.s.m.m.a.RequestMappingHandlerAdapter : Looking for @ControllerAdvice: org.springframework.boot.web.servlet.context.AnnotationConfigServletWebServerApplicationContext@490ab905: startup date [Wed Nov 07 11:57:57 AEDT 2018]; parent: org.springframework.context.annotation.AnnotationConfigApplicationContext@f5f2bb7
2018-11-07 11:58:05.074  INFO 2163 --- [           main] s.w.s.m.m.a.RequestMappingHandlerMapping : Mapped "{[/error]}" onto public org.springframework.http.ResponseEntity<java.util.Map<java.lang.String, java.lang.Object>> org.springframework.boot.autoconfigure.web.servlet.error.BasicErrorController.error(javax.servlet.http.HttpServletRequest)
2018-11-07 11:58:05.077  INFO 2163 --- [           main] s.w.s.m.m.a.RequestMappingHandlerMapping : Mapped "{[/error],produces=[text/html]}" onto public org.springframework.web.servlet.ModelAndView org.springframework.boot.autoconfigure.web.servlet.error.BasicErrorController.errorHtml(javax.servlet.http.HttpServletRequest,javax.servlet.http.HttpServletResponse)
2018-11-07 11:58:05.172  INFO 2163 --- [           main] o.s.w.s.handler.SimpleUrlHandlerMapping  : Mapped URL path [/webjars/**] onto handler of type [class org.springframework.web.servlet.resource.ResourceHttpRequestHandler]
2018-11-07 11:58:05.173  INFO 2163 --- [           main] o.s.w.s.handler.SimpleUrlHandlerMapping  : Mapped URL path [/**] onto handler of type [class org.springframework.web.servlet.resource.ResourceHttpRequestHandler]
2018-11-07 11:58:06.806  INFO 2163 --- [           main] o.s.c.n.zuul.ZuulFilterInitializer       : Starting filter initializer
2018-11-07 11:58:06.849  INFO 2163 --- [           main] o.s.b.a.e.web.EndpointLinksResolver      : Exposing 2 endpoint(s) beneath base path '/actuator'
2018-11-07 11:58:06.864  INFO 2163 --- [           main] s.b.a.e.w.s.WebMvcEndpointHandlerMapping : Mapped "{[/actuator/health],methods=[GET],produces=[application/vnd.spring-boot.actuator.v2+json || application/json]}" onto public java.lang.Object org.springframework.boot.actuate.endpoint.web.servlet.AbstractWebMvcEndpointHandlerMapping$OperationHandler.handle(javax.servlet.http.HttpServletRequest,java.util.Map<java.lang.String, java.lang.String>)
2018-11-07 11:58:06.865  INFO 2163 --- [           main] s.b.a.e.w.s.WebMvcEndpointHandlerMapping : Mapped "{[/actuator/info],methods=[GET],produces=[application/vnd.spring-boot.actuator.v2+json || application/json]}" onto public java.lang.Object org.springframework.boot.actuate.endpoint.web.servlet.AbstractWebMvcEndpointHandlerMapping$OperationHandler.handle(javax.servlet.http.HttpServletRequest,java.util.Map<java.lang.String, java.lang.String>)
2018-11-07 11:58:06.866  INFO 2163 --- [           main] s.b.a.e.w.s.WebMvcEndpointHandlerMapping : Mapped "{[/actuator],methods=[GET],produces=[application/vnd.spring-boot.actuator.v2+json || application/json]}" onto protected java.util.Map<java.lang.String, java.util.Map<java.lang.String, org.springframework.boot.actuate.endpoint.web.Link>> org.springframework.boot.actuate.endpoint.web.servlet.WebMvcEndpointHandlerMapping.links(javax.servlet.http.HttpServletRequest,javax.servlet.http.HttpServletResponse)
2018-11-07 11:58:06.932  INFO 2163 --- [           main] o.s.j.e.a.AnnotationMBeanExporter        : Registering beans for JMX exposure on startup
2018-11-07 11:58:06.943  INFO 2163 --- [           main] o.s.j.e.a.AnnotationMBeanExporter        : Bean with name 'environmentManager' has been autodetected for JMX exposure
2018-11-07 11:58:06.944  INFO 2163 --- [           main] o.s.j.e.a.AnnotationMBeanExporter        : Bean with name 'refreshScope' has been autodetected for JMX exposure
2018-11-07 11:58:06.945  INFO 2163 --- [           main] o.s.j.e.a.AnnotationMBeanExporter        : Bean with name 'configurationPropertiesRebinder' has been autodetected for JMX exposure
2018-11-07 11:58:06.949  INFO 2163 --- [           main] o.s.j.e.a.AnnotationMBeanExporter        : Located managed bean 'environmentManager': registering with JMX server as MBean [org.springframework.cloud.context.environment:name=environmentManager,type=EnvironmentManager]
2018-11-07 11:58:06.959  INFO 2163 --- [           main] o.s.j.e.a.AnnotationMBeanExporter        : Located managed bean 'refreshScope': registering with JMX server as MBean [org.springframework.cloud.context.scope.refresh:name=refreshScope,type=RefreshScope]
2018-11-07 11:58:06.971  INFO 2163 --- [           main] o.s.j.e.a.AnnotationMBeanExporter        : Located managed bean 'configurationPropertiesRebinder': registering with JMX server as MBean [org.springframework.cloud.context.properties:name=configurationPropertiesRebinder,context=490ab905,type=ConfigurationPropertiesRebinder]
2018-11-07 11:58:06.983  INFO 2163 --- [           main] o.s.c.support.DefaultLifecycleProcessor  : Starting beans in phase 0
2018-11-07 11:58:06.990  INFO 2163 --- [           main] o.s.c.n.eureka.InstanceInfoFactory       : Setting initial instance status as: STARTING
2018-11-07 11:58:07.051  INFO 2163 --- [           main] com.netflix.discovery.DiscoveryClient    : Initializing Eureka in region us-east-1
2018-11-07 11:58:07.129  INFO 2163 --- [           main] c.n.d.provider.DiscoveryJerseyProvider   : Using JSON encoding codec LegacyJacksonJson
2018-11-07 11:58:07.129  INFO 2163 --- [           main] c.n.d.provider.DiscoveryJerseyProvider   : Using JSON decoding codec LegacyJacksonJson
2018-11-07 11:58:07.361  INFO 2163 --- [           main] c.n.d.provider.DiscoveryJerseyProvider   : Using XML encoding codec XStreamXml
2018-11-07 11:58:07.361  INFO 2163 --- [           main] c.n.d.provider.DiscoveryJerseyProvider   : Using XML decoding codec XStreamXml
2018-11-07 11:58:07.603  INFO 2163 --- [           main] c.n.d.s.r.aws.ConfigClusterResolver      : Resolving eureka endpoints via configuration
2018-11-07 11:58:07.632  INFO 2163 --- [           main] com.netflix.discovery.DiscoveryClient    : Disable delta property : false
2018-11-07 11:58:07.633  INFO 2163 --- [           main] com.netflix.discovery.DiscoveryClient    : Single vip registry refresh property : null
2018-11-07 11:58:07.633  INFO 2163 --- [           main] com.netflix.discovery.DiscoveryClient    : Force full registry fetch : false
2018-11-07 11:58:07.633  INFO 2163 --- [           main] com.netflix.discovery.DiscoveryClient    : Application is null : false
2018-11-07 11:58:07.633  INFO 2163 --- [           main] com.netflix.discovery.DiscoveryClient    : Registered Applications size is zero : true
2018-11-07 11:58:07.633  INFO 2163 --- [           main] com.netflix.discovery.DiscoveryClient    : Application version is -1: true
2018-11-07 11:58:07.633  INFO 2163 --- [           main] com.netflix.discovery.DiscoveryClient    : Getting all instance registry info from the eureka server
2018-11-07 11:58:07.772  INFO 2163 --- [           main] com.netflix.discovery.DiscoveryClient    : The response status is 200
2018-11-07 11:58:07.774  INFO 2163 --- [           main] com.netflix.discovery.DiscoveryClient    : Starting heartbeat executor: renew interval is: 10
2018-11-07 11:58:07.776  INFO 2163 --- [           main] c.n.discovery.InstanceInfoReplicator     : InstanceInfoReplicator onDemand update allowed rate per min is 4
2018-11-07 11:58:07.780  INFO 2163 --- [           main] com.netflix.discovery.DiscoveryClient    : Discovery Client initialized at timestamp 1541552287779 with initial instances count: 0
2018-11-07 11:58:07.786  INFO 2163 --- [           main] o.s.c.n.e.s.EurekaServiceRegistry        : Registering application api_gateway_server with eureka with status UP
2018-11-07 11:58:07.787  INFO 2163 --- [           main] com.netflix.discovery.DiscoveryClient    : Saw local status change event StatusChangeEvent [timestamp=1541552287787, current=UP, previous=STARTING]
2018-11-07 11:58:07.788  INFO 2163 --- [nfoReplicator-0] com.netflix.discovery.DiscoveryClient    : DiscoveryClient_API_GATEWAY_SERVER/10.57.128.140:api_gateway_server:8765: registering service...
2018-11-07 11:58:07.845  INFO 2163 --- [           main] o.s.b.w.embedded.tomcat.TomcatWebServer  : Tomcat started on port(s): 8765 (http) with context path ''
2018-11-07 11:58:07.846  INFO 2163 --- [           main] .s.c.n.e.s.EurekaAutoServiceRegistration : Updating port to 8765
2018-11-07 11:58:07.850  INFO 2163 --- [           main] c.t.a.ApiGatewayServerApplication        : Started ApiGatewayServerApplication in 13.249 seconds (JVM running for 14.372)
2018-11-07 11:58:07.856  INFO 2163 --- [nfoReplicator-0] com.netflix.discovery.DiscoveryClient    : DiscoveryClient_API_GATEWAY_SERVER/10.57.128.140:api_gateway_server:8765 - registration status: 204
2018-11-07 11:58:37.776  INFO 2163 --- [freshExecutor-0] com.netflix.discovery.DiscoveryClient    : Disable delta property : false
2018-11-07 11:58:37.776  INFO 2163 --- [freshExecutor-0] com.netflix.discovery.DiscoveryClient    : Single vip registry refresh property : null
2018-11-07 11:58:37.776  INFO 2163 --- [freshExecutor-0] com.netflix.discovery.DiscoveryClient    : Force full registry fetch : false
2018-11-07 11:58:37.776  INFO 2163 --- [freshExecutor-0] com.netflix.discovery.DiscoveryClient    : Application is null : false
2018-11-07 11:58:37.776  INFO 2163 --- [freshExecutor-0] com.netflix.discovery.DiscoveryClient    : Registered Applications size is zero : true
2018-11-07 11:58:37.776  INFO 2163 --- [freshExecutor-0] com.netflix.discovery.DiscoveryClient    : Application version is -1: false
2018-11-07 11:58:37.777  INFO 2163 --- [freshExecutor-0] com.netflix.discovery.DiscoveryClient    : Getting all instance registry info from the eureka server
2018-11-07 11:58:37.830  INFO 2163 --- [freshExecutor-0] com.netflix.discovery.DiscoveryClient    : The response status is 200
2018-11-07 12:03:07.637  INFO 2163 --- [trap-executor-0] c.n.d.s.r.aws.ConfigClusterResolver      : Resolving eureka endpoints via configuration
