2018-11-07 11:57:53.041  INFO 2161 --- [           main] s.c.a.AnnotationConfigApplicationContext : Refreshing org.springframework.context.annotation.AnnotationConfigApplicationContext@28864e92: startup date [Wed Nov 07 11:57:53 AEDT 2018]; root of context hierarchy
2018-11-07 11:57:53.549  INFO 2161 --- [           main] f.a.AutowiredAnnotationBeanPostProcessor : JSR-330 'javax.inject.Inject' annotation found and supported for autowiring
2018-11-07 11:57:53.613  INFO 2161 --- [           main] trationDelegate$BeanPostProcessorChecker : Bean 'configurationPropertiesRebinderAutoConfiguration' of type [org.springframework.cloud.autoconfigure.ConfigurationPropertiesRebinderAutoConfiguration$$EnhancerBySpringCGLIB$$2a62e8c] is not eligible for getting processed by all BeanPostProcessors (for example: not eligible for auto-proxying)

  .   ____          _            __ _ _
 /\\ / ___'_ __ _ _(_)_ __  __ _ \ \ \ \
( ( )\___ | '_ | '_| | '_ \/ _` | \ \ \ \
 \\/  ___)| |_)| | | | | || (_| |  ) ) ) )
  '  |____| .__|_| |_|_| |_\__, | / / / /
 =========|_|==============|___/=/_/_/_/
 :: Spring Boot ::        (v2.0.5.RELEASE)

2018-11-07 11:57:54.079  INFO 2161 --- [           main] c.e.a.c.ConfigServerApplication          : No active profile set, falling back to default profiles: default
2018-11-07 11:57:54.109  INFO 2161 --- [           main] ConfigServletWebServerApplicationContext : Refreshing org.springframework.boot.web.servlet.context.AnnotationConfigServletWebServerApplicationContext@e45f292: startup date [Wed Nov 07 11:57:54 AEDT 2018]; parent: org.springframework.context.annotation.AnnotationConfigApplicationContext@28864e92
2018-11-07 11:57:56.243  INFO 2161 --- [           main] o.s.cloud.context.scope.GenericScope     : BeanFactory id=b9e5ca73-2706-3fba-a57a-8fd6f0bb0fe0
2018-11-07 11:57:56.294  INFO 2161 --- [           main] f.a.AutowiredAnnotationBeanPostProcessor : JSR-330 'javax.inject.Inject' annotation found and supported for autowiring
2018-11-07 11:57:56.600  INFO 2161 --- [           main] trationDelegate$BeanPostProcessorChecker : Bean 'org.springframework.cloud.autoconfigure.ConfigurationPropertiesRebinderAutoConfiguration' of type [org.springframework.cloud.autoconfigure.ConfigurationPropertiesRebinderAutoConfiguration$$EnhancerBySpringCGLIB$$2a62e8c] is not eligible for getting processed by all BeanPostProcessors (for example: not eligible for auto-proxying)
2018-11-07 11:57:57.475  INFO 2161 --- [           main] o.s.b.w.embedded.tomcat.TomcatWebServer  : Tomcat initialized with port(s): 6666 (http)
2018-11-07 11:57:57.545  INFO 2161 --- [           main] o.apache.catalina.core.StandardService   : Starting service [Tomcat]
2018-11-07 11:57:57.545  INFO 2161 --- [           main] org.apache.catalina.core.StandardEngine  : Starting Servlet Engine: Apache Tomcat/8.5.34
2018-11-07 11:57:57.561  INFO 2161 --- [ost-startStop-1] o.a.catalina.core.AprLifecycleListener   : The APR based Apache Tomcat Native library which allows optimal performance in production environments was not found on the java.library.path: [/Users/723310/Library/Java/Extensions:/Library/Java/Extensions:/Network/Library/Java/Extensions:/System/Library/Java/Extensions:/usr/lib/java:.]
2018-11-07 11:57:57.825  INFO 2161 --- [ost-startStop-1] o.a.c.c.C.[Tomcat].[localhost].[/]       : Initializing Spring embedded WebApplicationContext
2018-11-07 11:57:57.825  INFO 2161 --- [ost-startStop-1] o.s.web.context.ContextLoader            : Root WebApplicationContext: initialization completed in 3716 ms
2018-11-07 11:57:58.145  WARN 2161 --- [ost-startStop-1] c.n.c.sources.URLConfigurationSource     : No URLs will be polled as dynamic configuration sources.
2018-11-07 11:57:58.145  INFO 2161 --- [ost-startStop-1] c.n.c.sources.URLConfigurationSource     : To enable URLs as dynamic configuration sources, define System property archaius.configurationSource.additionalUrls or make config.properties available on classpath.
2018-11-07 11:57:58.181  INFO 2161 --- [ost-startStop-1] c.netflix.config.DynamicPropertyFactory  : DynamicPropertyFactory is initialized with configuration sources: com.netflix.config.ConcurrentCompositeConfiguration@1a6d1958
2018-11-07 11:58:00.898  INFO 2161 --- [ost-startStop-1] o.s.b.w.servlet.FilterRegistrationBean   : Mapping filter: 'characterEncodingFilter' to: [/*]
2018-11-07 11:58:00.899  INFO 2161 --- [ost-startStop-1] o.s.b.w.servlet.FilterRegistrationBean   : Mapping filter: 'webMvcMetricsFilter' to: [/*]
2018-11-07 11:58:00.899  INFO 2161 --- [ost-startStop-1] o.s.b.w.servlet.FilterRegistrationBean   : Mapping filter: 'hiddenHttpMethodFilter' to: [/*]
2018-11-07 11:58:00.899  INFO 2161 --- [ost-startStop-1] o.s.b.w.servlet.FilterRegistrationBean   : Mapping filter: 'httpPutFormContentFilter' to: [/*]
2018-11-07 11:58:00.899  INFO 2161 --- [ost-startStop-1] o.s.b.w.servlet.FilterRegistrationBean   : Mapping filter: 'requestContextFilter' to: [/*]
2018-11-07 11:58:00.899  INFO 2161 --- [ost-startStop-1] o.s.b.w.servlet.FilterRegistrationBean   : Mapping filter: 'httpTraceFilter' to: [/*]
2018-11-07 11:58:00.900  INFO 2161 --- [ost-startStop-1] o.s.b.w.servlet.ServletRegistrationBean  : Servlet dispatcherServlet mapped to [/]
2018-11-07 11:58:00.986  WARN 2161 --- [           main] c.n.c.sources.URLConfigurationSource     : No URLs will be polled as dynamic configuration sources.
2018-11-07 11:58:00.986  INFO 2161 --- [           main] c.n.c.sources.URLConfigurationSource     : To enable URLs as dynamic configuration sources, define System property archaius.configurationSource.additionalUrls or make config.properties available on classpath.
2018-11-07 11:58:01.087  INFO 2161 --- [           main] o.s.w.s.handler.SimpleUrlHandlerMapping  : Mapped URL path [/**/favicon.ico] onto handler of type [class org.springframework.web.servlet.resource.ResourceHttpRequestHandler]
2018-11-07 11:58:01.509  INFO 2161 --- [           main] s.w.s.m.m.a.RequestMappingHandlerAdapter : Looking for @ControllerAdvice: org.springframework.boot.web.servlet.context.AnnotationConfigServletWebServerApplicationContext@e45f292: startup date [Wed Nov 07 11:57:54 AEDT 2018]; parent: org.springframework.context.annotation.AnnotationConfigApplicationContext@28864e92
2018-11-07 11:58:01.725  INFO 2161 --- [           main] s.w.s.m.m.a.RequestMappingHandlerMapping : Mapped "{[/error]}" onto public org.springframework.http.ResponseEntity<java.util.Map<java.lang.String, java.lang.Object>> org.springframework.boot.autoconfigure.web.servlet.error.BasicErrorController.error(javax.servlet.http.HttpServletRequest)
2018-11-07 11:58:01.727  INFO 2161 --- [           main] s.w.s.m.m.a.RequestMappingHandlerMapping : Mapped "{[/error],produces=[text/html]}" onto public org.springframework.web.servlet.ModelAndView org.springframework.boot.autoconfigure.web.servlet.error.BasicErrorController.errorHtml(javax.servlet.http.HttpServletRequest,javax.servlet.http.HttpServletResponse)
2018-11-07 11:58:01.757  INFO 2161 --- [           main] s.w.s.m.m.a.RequestMappingHandlerMapping : Mapped "{[/encrypt],methods=[POST]}" onto public java.lang.String org.springframework.cloud.config.server.encryption.EncryptionController.encrypt(java.lang.String,org.springframework.http.MediaType)
2018-11-07 11:58:01.757  INFO 2161 --- [           main] s.w.s.m.m.a.RequestMappingHandlerMapping : Mapped "{[/encrypt/{name}/{profiles}],methods=[POST]}" onto public java.lang.String org.springframework.cloud.config.server.encryption.EncryptionController.encrypt(java.lang.String,java.lang.String,java.lang.String,org.springframework.http.MediaType)
2018-11-07 11:58:01.758  INFO 2161 --- [           main] s.w.s.m.m.a.RequestMappingHandlerMapping : Mapped "{[/decrypt/{name}/{profiles}],methods=[POST]}" onto public java.lang.String org.springframework.cloud.config.server.encryption.EncryptionController.decrypt(java.lang.String,java.lang.String,java.lang.String,org.springframework.http.MediaType)
2018-11-07 11:58:01.758  INFO 2161 --- [           main] s.w.s.m.m.a.RequestMappingHandlerMapping : Mapped "{[/decrypt],methods=[POST]}" onto public java.lang.String org.springframework.cloud.config.server.encryption.EncryptionController.decrypt(java.lang.String,org.springframework.http.MediaType)
2018-11-07 11:58:01.759  INFO 2161 --- [           main] s.w.s.m.m.a.RequestMappingHandlerMapping : Mapped "{[/encrypt/status],methods=[GET]}" onto public java.util.Map<java.lang.String, java.lang.Object> org.springframework.cloud.config.server.encryption.EncryptionController.status()
2018-11-07 11:58:01.759  INFO 2161 --- [           main] s.w.s.m.m.a.RequestMappingHandlerMapping : Mapped "{[/key],methods=[GET]}" onto public java.lang.String org.springframework.cloud.config.server.encryption.EncryptionController.getPublicKey()
2018-11-07 11:58:01.759  INFO 2161 --- [           main] s.w.s.m.m.a.RequestMappingHandlerMapping : Mapped "{[/key/{name}/{profiles}],methods=[GET]}" onto public java.lang.String org.springframework.cloud.config.server.encryption.EncryptionController.getPublicKey(java.lang.String,java.lang.String)
2018-11-07 11:58:01.769  INFO 2161 --- [           main] s.w.s.m.m.a.RequestMappingHandlerMapping : Mapped "{[/{name}/{profiles:.*[^-].*}],methods=[GET]}" onto public org.springframework.cloud.config.environment.Environment org.springframework.cloud.config.server.environment.EnvironmentController.defaultLabel(java.lang.String,java.lang.String)
2018-11-07 11:58:01.770  INFO 2161 --- [           main] s.w.s.m.m.a.RequestMappingHandlerMapping : Mapped "{[/{name}/{profiles}/{label:.*}],methods=[GET]}" onto public org.springframework.cloud.config.environment.Environment org.springframework.cloud.config.server.environment.EnvironmentController.labelled(java.lang.String,java.lang.String,java.lang.String)
2018-11-07 11:58:01.770  INFO 2161 --- [           main] s.w.s.m.m.a.RequestMappingHandlerMapping : Mapped "{[/{label}/{name}-{profiles}.properties],methods=[GET]}" onto public org.springframework.http.ResponseEntity<java.lang.String> org.springframework.cloud.config.server.environment.EnvironmentController.labelledProperties(java.lang.String,java.lang.String,java.lang.String,boolean) throws java.io.IOException
2018-11-07 11:58:01.771  INFO 2161 --- [           main] s.w.s.m.m.a.RequestMappingHandlerMapping : Mapped "{[/{name}-{profiles}.json],methods=[GET]}" onto public org.springframework.http.ResponseEntity<java.lang.String> org.springframework.cloud.config.server.environment.EnvironmentController.jsonProperties(java.lang.String,java.lang.String,boolean) throws java.lang.Exception
2018-11-07 11:58:01.771  INFO 2161 --- [           main] s.w.s.m.m.a.RequestMappingHandlerMapping : Mapped "{[/{label}/{name}-{profiles}.json],methods=[GET]}" onto public org.springframework.http.ResponseEntity<java.lang.String> org.springframework.cloud.config.server.environment.EnvironmentController.labelledJsonProperties(java.lang.String,java.lang.String,java.lang.String,boolean) throws java.lang.Exception
2018-11-07 11:58:01.781  INFO 2161 --- [           main] s.w.s.m.m.a.RequestMappingHandlerMapping : Mapped "{[/{label}/{name}-{profiles}.yml || /{label}/{name}-{profiles}.yaml],methods=[GET]}" onto public org.springframework.http.ResponseEntity<java.lang.String> org.springframework.cloud.config.server.environment.EnvironmentController.labelledYaml(java.lang.String,java.lang.String,java.lang.String,boolean) throws java.lang.Exception
2018-11-07 11:58:01.781  INFO 2161 --- [           main] s.w.s.m.m.a.RequestMappingHandlerMapping : Mapped "{[/{name}-{profiles}.properties],methods=[GET]}" onto public org.springframework.http.ResponseEntity<java.lang.String> org.springframework.cloud.config.server.environment.EnvironmentController.properties(java.lang.String,java.lang.String,boolean) throws java.io.IOException
2018-11-07 11:58:01.782  INFO 2161 --- [           main] s.w.s.m.m.a.RequestMappingHandlerMapping : Mapped "{[/{name}-{profiles}.yml || /{name}-{profiles}.yaml],methods=[GET]}" onto public org.springframework.http.ResponseEntity<java.lang.String> org.springframework.cloud.config.server.environment.EnvironmentController.yaml(java.lang.String,java.lang.String,boolean) throws java.lang.Exception
2018-11-07 11:58:01.789  INFO 2161 --- [           main] s.w.s.m.m.a.RequestMappingHandlerMapping : Mapped "{[/{name}/{profile}/{label}/**],methods=[GET],produces=[application/octet-stream]}" onto public synchronized byte[] org.springframework.cloud.config.server.resource.ResourceController.binary(java.lang.String,java.lang.String,java.lang.String,javax.servlet.http.HttpServletRequest) throws java.io.IOException
2018-11-07 11:58:01.790  INFO 2161 --- [           main] s.w.s.m.m.a.RequestMappingHandlerMapping : Mapped "{[/{name}/{profile}/**],methods=[GET],params=[useDefaultLabel]}" onto public java.lang.String org.springframework.cloud.config.server.resource.ResourceController.retrieve(java.lang.String,java.lang.String,javax.servlet.http.HttpServletRequest,boolean) throws java.io.IOException
2018-11-07 11:58:01.790  INFO 2161 --- [           main] s.w.s.m.m.a.RequestMappingHandlerMapping : Mapped "{[/{name}/{profile}/{label}/**],methods=[GET]}" onto public java.lang.String org.springframework.cloud.config.server.resource.ResourceController.retrieve(java.lang.String,java.lang.String,java.lang.String,javax.servlet.http.HttpServletRequest,boolean) throws java.io.IOException
2018-11-07 11:58:01.884  INFO 2161 --- [           main] o.s.w.s.handler.SimpleUrlHandlerMapping  : Mapped URL path [/webjars/**] onto handler of type [class org.springframework.web.servlet.resource.ResourceHttpRequestHandler]
2018-11-07 11:58:01.884  INFO 2161 --- [           main] o.s.w.s.handler.SimpleUrlHandlerMapping  : Mapped URL path [/**] onto handler of type [class org.springframework.web.servlet.resource.ResourceHttpRequestHandler]
2018-11-07 11:58:03.383  INFO 2161 --- [           main] o.s.b.a.e.web.EndpointLinksResolver      : Exposing 2 endpoint(s) beneath base path '/actuator'
2018-11-07 11:58:03.409  INFO 2161 --- [           main] s.b.a.e.w.s.WebMvcEndpointHandlerMapping : Mapped "{[/actuator/health],methods=[GET],produces=[application/vnd.spring-boot.actuator.v2+json || application/json]}" onto public java.lang.Object org.springframework.boot.actuate.endpoint.web.servlet.AbstractWebMvcEndpointHandlerMapping$OperationHandler.handle(javax.servlet.http.HttpServletRequest,java.util.Map<java.lang.String, java.lang.String>)
2018-11-07 11:58:03.411  INFO 2161 --- [           main] s.b.a.e.w.s.WebMvcEndpointHandlerMapping : Mapped "{[/actuator/info],methods=[GET],produces=[application/vnd.spring-boot.actuator.v2+json || application/json]}" onto public java.lang.Object org.springframework.boot.actuate.endpoint.web.servlet.AbstractWebMvcEndpointHandlerMapping$OperationHandler.handle(javax.servlet.http.HttpServletRequest,java.util.Map<java.lang.String, java.lang.String>)
2018-11-07 11:58:03.415  INFO 2161 --- [           main] s.b.a.e.w.s.WebMvcEndpointHandlerMapping : Mapped "{[/actuator],methods=[GET],produces=[application/vnd.spring-boot.actuator.v2+json || application/json]}" onto protected java.util.Map<java.lang.String, java.util.Map<java.lang.String, org.springframework.boot.actuate.endpoint.web.Link>> org.springframework.boot.actuate.endpoint.web.servlet.WebMvcEndpointHandlerMapping.links(javax.servlet.http.HttpServletRequest,javax.servlet.http.HttpServletResponse)
2018-11-07 11:58:03.525  INFO 2161 --- [           main] o.s.j.e.a.AnnotationMBeanExporter        : Registering beans for JMX exposure on startup
2018-11-07 11:58:03.538  INFO 2161 --- [           main] o.s.j.e.a.AnnotationMBeanExporter        : Bean with name 'environmentManager' has been autodetected for JMX exposure
2018-11-07 11:58:03.539  INFO 2161 --- [           main] o.s.j.e.a.AnnotationMBeanExporter        : Bean with name 'refreshScope' has been autodetected for JMX exposure
2018-11-07 11:58:03.546  INFO 2161 --- [           main] o.s.j.e.a.AnnotationMBeanExporter        : Bean with name 'configurationPropertiesRebinder' has been autodetected for JMX exposure
2018-11-07 11:58:03.550  INFO 2161 --- [           main] o.s.j.e.a.AnnotationMBeanExporter        : Located managed bean 'environmentManager': registering with JMX server as MBean [org.springframework.cloud.context.environment:name=environmentManager,type=EnvironmentManager]
2018-11-07 11:58:03.566  INFO 2161 --- [           main] o.s.j.e.a.AnnotationMBeanExporter        : Located managed bean 'refreshScope': registering with JMX server as MBean [org.springframework.cloud.context.scope.refresh:name=refreshScope,type=RefreshScope]
2018-11-07 11:58:03.584  INFO 2161 --- [           main] o.s.j.e.a.AnnotationMBeanExporter        : Located managed bean 'configurationPropertiesRebinder': registering with JMX server as MBean [org.springframework.cloud.context.properties:name=configurationPropertiesRebinder,context=e45f292,type=ConfigurationPropertiesRebinder]
2018-11-07 11:58:03.603  INFO 2161 --- [           main] o.s.c.support.DefaultLifecycleProcessor  : Starting beans in phase 0
2018-11-07 11:58:03.641  INFO 2161 --- [           main] o.s.c.n.eureka.InstanceInfoFactory       : Setting initial instance status as: STARTING
2018-11-07 11:58:03.731  INFO 2161 --- [           main] com.netflix.discovery.DiscoveryClient    : Initializing Eureka in region us-east-1
2018-11-07 11:58:04.177  INFO 2161 --- [           main] c.n.d.provider.DiscoveryJerseyProvider   : Using JSON encoding codec LegacyJacksonJson
2018-11-07 11:58:04.177  INFO 2161 --- [           main] c.n.d.provider.DiscoveryJerseyProvider   : Using JSON decoding codec LegacyJacksonJson
2018-11-07 11:58:04.508  INFO 2161 --- [           main] c.n.d.provider.DiscoveryJerseyProvider   : Using XML encoding codec XStreamXml
2018-11-07 11:58:04.508  INFO 2161 --- [           main] c.n.d.provider.DiscoveryJerseyProvider   : Using XML decoding codec XStreamXml
2018-11-07 11:58:04.884  INFO 2161 --- [           main] c.n.d.s.r.aws.ConfigClusterResolver      : Resolving eureka endpoints via configuration
2018-11-07 11:58:04.926  INFO 2161 --- [           main] com.netflix.discovery.DiscoveryClient    : Disable delta property : false
2018-11-07 11:58:04.926  INFO 2161 --- [           main] com.netflix.discovery.DiscoveryClient    : Single vip registry refresh property : null
2018-11-07 11:58:04.926  INFO 2161 --- [           main] com.netflix.discovery.DiscoveryClient    : Force full registry fetch : false
2018-11-07 11:58:04.926  INFO 2161 --- [           main] com.netflix.discovery.DiscoveryClient    : Application is null : false
2018-11-07 11:58:04.926  INFO 2161 --- [           main] com.netflix.discovery.DiscoveryClient    : Registered Applications size is zero : true
2018-11-07 11:58:04.926  INFO 2161 --- [           main] com.netflix.discovery.DiscoveryClient    : Application version is -1: true
2018-11-07 11:58:04.926  INFO 2161 --- [           main] com.netflix.discovery.DiscoveryClient    : Getting all instance registry info from the eureka server
2018-11-07 11:58:05.357  INFO 2161 --- [           main] com.netflix.discovery.DiscoveryClient    : The response status is 200
2018-11-07 11:58:05.360  INFO 2161 --- [           main] com.netflix.discovery.DiscoveryClient    : Starting heartbeat executor: renew interval is: 30
2018-11-07 11:58:05.365  INFO 2161 --- [           main] c.n.discovery.InstanceInfoReplicator     : InstanceInfoReplicator onDemand update allowed rate per min is 4
2018-11-07 11:58:05.372  INFO 2161 --- [           main] com.netflix.discovery.DiscoveryClient    : Discovery Client initialized at timestamp 1541552285369 with initial instances count: 0
2018-11-07 11:58:05.379  INFO 2161 --- [           main] o.s.c.n.e.s.EurekaServiceRegistry        : Registering application config_Server with eureka with status UP
2018-11-07 11:58:05.380  INFO 2161 --- [           main] com.netflix.discovery.DiscoveryClient    : Saw local status change event StatusChangeEvent [timestamp=1541552285380, current=UP, previous=STARTING]
2018-11-07 11:58:05.382  INFO 2161 --- [nfoReplicator-0] com.netflix.discovery.DiscoveryClient    : DiscoveryClient_CONFIG_SERVER/10.57.128.140:config_Server:6666: registering service...
2018-11-07 11:58:05.467  INFO 2161 --- [           main] o.s.b.w.embedded.tomcat.TomcatWebServer  : Tomcat started on port(s): 6666 (http) with context path ''
2018-11-07 11:58:05.471  INFO 2161 --- [           main] .s.c.n.e.s.EurekaAutoServiceRegistration : Updating port to 6666
2018-11-07 11:58:05.477  INFO 2161 --- [           main] c.e.a.c.ConfigServerApplication          : Started ConfigServerApplication in 13.212 seconds (JVM running for 14.024)
2018-11-07 11:58:05.514  INFO 2161 --- [nfoReplicator-0] com.netflix.discovery.DiscoveryClient    : DiscoveryClient_CONFIG_SERVER/10.57.128.140:config_Server:6666 - registration status: 204
2018-11-07 11:58:15.294  INFO 2161 --- [nio-6666-exec-1] o.a.c.c.C.[Tomcat].[localhost].[/]       : Initializing Spring FrameworkServlet 'dispatcherServlet'
2018-11-07 11:58:15.294  INFO 2161 --- [nio-6666-exec-1] o.s.web.servlet.DispatcherServlet        : FrameworkServlet 'dispatcherServlet': initialization started
2018-11-07 11:58:15.315  INFO 2161 --- [nio-6666-exec-1] o.s.web.servlet.DispatcherServlet        : FrameworkServlet 'dispatcherServlet': initialization completed in 21 ms
2018-11-07 11:58:15.720  INFO 2161 --- [nio-6666-exec-1] s.c.a.AnnotationConfigApplicationContext : Refreshing org.springframework.context.annotation.AnnotationConfigApplicationContext@74f14c93: startup date [Wed Nov 07 11:58:15 AEDT 2018]; root of context hierarchy
2018-11-07 11:58:15.740  INFO 2161 --- [nio-6666-exec-1] f.a.AutowiredAnnotationBeanPostProcessor : JSR-330 'javax.inject.Inject' annotation found and supported for autowiring
2018-11-07 11:58:15.778  INFO 2161 --- [nio-6666-exec-1] o.s.c.c.s.e.NativeEnvironmentRepository  : Adding property source: file:/Users/723310/Desktop/config/orders_micro-development.properties
2018-11-07 11:58:15.778  INFO 2161 --- [nio-6666-exec-1] s.c.a.AnnotationConfigApplicationContext : Closing org.springframework.context.annotation.AnnotationConfigApplicationContext@74f14c93: startup date [Wed Nov 07 11:58:15 AEDT 2018]; root of context hierarchy
2018-11-07 11:58:35.365  INFO 2161 --- [freshExecutor-0] com.netflix.discovery.DiscoveryClient    : Disable delta property : false
2018-11-07 11:58:35.366  INFO 2161 --- [freshExecutor-0] com.netflix.discovery.DiscoveryClient    : Single vip registry refresh property : null
2018-11-07 11:58:35.366  INFO 2161 --- [freshExecutor-0] com.netflix.discovery.DiscoveryClient    : Force full registry fetch : false
2018-11-07 11:58:35.366  INFO 2161 --- [freshExecutor-0] com.netflix.discovery.DiscoveryClient    : Application is null : false
2018-11-07 11:58:35.366  INFO 2161 --- [freshExecutor-0] com.netflix.discovery.DiscoveryClient    : Registered Applications size is zero : true
2018-11-07 11:58:35.366  INFO 2161 --- [freshExecutor-0] com.netflix.discovery.DiscoveryClient    : Application version is -1: false
2018-11-07 11:58:35.366  INFO 2161 --- [freshExecutor-0] com.netflix.discovery.DiscoveryClient    : Getting all instance registry info from the eureka server
2018-11-07 11:58:35.424  INFO 2161 --- [freshExecutor-0] com.netflix.discovery.DiscoveryClient    : The response status is 200
2018-11-07 11:59:06.306  INFO 2161 --- [nio-6666-exec-3] s.c.a.AnnotationConfigApplicationContext : Refreshing org.springframework.context.annotation.AnnotationConfigApplicationContext@4912050d: startup date [Wed Nov 07 11:59:06 AEDT 2018]; root of context hierarchy
2018-11-07 11:59:06.309  INFO 2161 --- [nio-6666-exec-3] f.a.AutowiredAnnotationBeanPostProcessor : JSR-330 'javax.inject.Inject' annotation found and supported for autowiring
2018-11-07 11:59:06.312  INFO 2161 --- [nio-6666-exec-3] o.s.c.c.s.e.NativeEnvironmentRepository  : Adding property source: file:/Users/723310/Desktop/config/orders_micro-development.properties
2018-11-07 11:59:06.312  INFO 2161 --- [nio-6666-exec-3] s.c.a.AnnotationConfigApplicationContext : Closing org.springframework.context.annotation.AnnotationConfigApplicationContext@4912050d: startup date [Wed Nov 07 11:59:06 AEDT 2018]; root of context hierarchy
2018-11-07 12:03:04.930  INFO 2161 --- [trap-executor-0] c.n.d.s.r.aws.ConfigClusterResolver      : Resolving eureka endpoints via configuration
