2018-11-07 11:57:50.843  INFO 2159 --- [           main] s.c.a.AnnotationConfigApplicationContext : Refreshing org.springframework.context.annotation.AnnotationConfigApplicationContext@357246de: startup date [Wed Nov 07 11:57:50 AEDT 2018]; root of context hierarchy
2018-11-07 11:57:51.158  INFO 2159 --- [           main] f.a.AutowiredAnnotationBeanPostProcessor : JSR-330 'javax.inject.Inject' annotation found and supported for autowiring
2018-11-07 11:57:51.203  INFO 2159 --- [           main] trationDelegate$BeanPostProcessorChecker : Bean 'configurationPropertiesRebinderAutoConfiguration' of type [org.springframework.cloud.autoconfigure.ConfigurationPropertiesRebinderAutoConfiguration$$EnhancerBySpringCGLIB$$b3eb10cc] is not eligible for getting processed by all BeanPostProcessors (for example: not eligible for auto-proxying)

  .   ____          _            __ _ _
 /\\ / ___'_ __ _ _(_)_ __  __ _ \ \ \ \
( ( )\___ | '_ | '_| | '_ \/ _` | \ \ \ \
 \\/  ___)| |_)| | | | | || (_| |  ) ) ) )
  '  |____| .__|_| |_|_| |_\__, | / / / /
 =========|_|==============|___/=/_/_/_/
 :: Spring Boot ::        (v2.0.5.RELEASE)

2018-11-07 11:57:51.482  INFO 2159 --- [           main] c.c.c.ConfigServicePropertySourceLocator : Fetching config from server at : http://localhost:8888
2018-11-07 11:57:51.610  WARN 2159 --- [           main] c.c.c.ConfigServicePropertySourceLocator : Could not locate PropertySource: label not found
2018-11-07 11:57:51.612  INFO 2159 --- [           main] c.e.n.NamingserverApplication            : No active profile set, falling back to default profiles: default
2018-11-07 11:57:51.631  INFO 2159 --- [           main] ConfigServletWebServerApplicationContext : Refreshing org.springframework.boot.web.servlet.context.AnnotationConfigServletWebServerApplicationContext@cb644e: startup date [Wed Nov 07 11:57:51 AEDT 2018]; parent: org.springframework.context.annotation.AnnotationConfigApplicationContext@357246de
2018-11-07 11:57:53.388  INFO 2159 --- [           main] o.s.cloud.context.scope.GenericScope     : BeanFactory id=d161a1cf-c9ff-3b09-a942-a7c487a09de3
2018-11-07 11:57:53.446  INFO 2159 --- [           main] f.a.AutowiredAnnotationBeanPostProcessor : JSR-330 'javax.inject.Inject' annotation found and supported for autowiring
2018-11-07 11:57:53.685  INFO 2159 --- [           main] trationDelegate$BeanPostProcessorChecker : Bean 'org.springframework.cloud.autoconfigure.ConfigurationPropertiesRebinderAutoConfiguration' of type [org.springframework.cloud.autoconfigure.ConfigurationPropertiesRebinderAutoConfiguration$$EnhancerBySpringCGLIB$$b3eb10cc] is not eligible for getting processed by all BeanPostProcessors (for example: not eligible for auto-proxying)
2018-11-07 11:57:54.505  INFO 2159 --- [           main] o.s.b.w.embedded.tomcat.TomcatWebServer  : Tomcat initialized with port(s): 8761 (http)
2018-11-07 11:57:54.559  INFO 2159 --- [           main] o.apache.catalina.core.StandardService   : Starting service [Tomcat]
2018-11-07 11:57:54.560  INFO 2159 --- [           main] org.apache.catalina.core.StandardEngine  : Starting Servlet Engine: Apache Tomcat/8.5.34
2018-11-07 11:57:54.595  INFO 2159 --- [ost-startStop-1] o.a.catalina.core.AprLifecycleListener   : The APR based Apache Tomcat Native library which allows optimal performance in production environments was not found on the java.library.path: [/Users/723310/Library/Java/Extensions:/Library/Java/Extensions:/Network/Library/Java/Extensions:/System/Library/Java/Extensions:/usr/lib/java:.]
2018-11-07 11:57:54.712  INFO 2159 --- [ost-startStop-1] o.a.c.c.C.[Tomcat].[localhost].[/]       : Initializing Spring embedded WebApplicationContext
2018-11-07 11:57:54.712  INFO 2159 --- [ost-startStop-1] o.s.web.context.ContextLoader            : Root WebApplicationContext: initialization completed in 3081 ms
2018-11-07 11:57:55.119  WARN 2159 --- [ost-startStop-1] c.n.c.sources.URLConfigurationSource     : No URLs will be polled as dynamic configuration sources.
2018-11-07 11:57:55.120  INFO 2159 --- [ost-startStop-1] c.n.c.sources.URLConfigurationSource     : To enable URLs as dynamic configuration sources, define System property archaius.configurationSource.additionalUrls or make config.properties available on classpath.
2018-11-07 11:57:55.148  INFO 2159 --- [ost-startStop-1] c.netflix.config.DynamicPropertyFactory  : DynamicPropertyFactory is initialized with configuration sources: com.netflix.config.ConcurrentCompositeConfiguration@317fa74f
2018-11-07 11:57:57.476  INFO 2159 --- [ost-startStop-1] o.s.b.w.servlet.FilterRegistrationBean   : Mapping filter: 'characterEncodingFilter' to: [/*]
2018-11-07 11:57:57.476  INFO 2159 --- [ost-startStop-1] o.s.b.w.servlet.FilterRegistrationBean   : Mapping filter: 'webMvcMetricsFilter' to: [/*]
2018-11-07 11:57:57.476  INFO 2159 --- [ost-startStop-1] o.s.b.w.servlet.FilterRegistrationBean   : Mapping filter: 'hiddenHttpMethodFilter' to: [/*]
2018-11-07 11:57:57.477  INFO 2159 --- [ost-startStop-1] o.s.b.w.servlet.FilterRegistrationBean   : Mapping filter: 'httpPutFormContentFilter' to: [/*]
2018-11-07 11:57:57.477  INFO 2159 --- [ost-startStop-1] o.s.b.w.servlet.FilterRegistrationBean   : Mapping filter: 'requestContextFilter' to: [/*]
2018-11-07 11:57:57.477  INFO 2159 --- [ost-startStop-1] o.s.b.w.servlet.FilterRegistrationBean   : Mapping filter: 'httpTraceFilter' to: [/*]
2018-11-07 11:57:57.477  INFO 2159 --- [ost-startStop-1] o.s.b.w.servlet.FilterRegistrationBean   : Mapping filter: 'servletContainer' to urls: [/eureka/*]
2018-11-07 11:57:57.477  INFO 2159 --- [ost-startStop-1] o.s.b.w.servlet.ServletRegistrationBean  : Servlet dispatcherServlet mapped to [/]
2018-11-07 11:57:57.704  INFO 2159 --- [ost-startStop-1] c.s.j.s.i.a.WebApplicationImpl           : Initiating Jersey application, version 'Jersey: 1.19.1 03/11/2016 02:08 PM'
2018-11-07 11:57:57.897  INFO 2159 --- [ost-startStop-1] c.n.d.provider.DiscoveryJerseyProvider   : Using JSON encoding codec LegacyJacksonJson
2018-11-07 11:57:57.900  INFO 2159 --- [ost-startStop-1] c.n.d.provider.DiscoveryJerseyProvider   : Using JSON decoding codec LegacyJacksonJson
2018-11-07 11:57:58.274  INFO 2159 --- [ost-startStop-1] c.n.d.provider.DiscoveryJerseyProvider   : Using XML encoding codec XStreamXml
2018-11-07 11:57:58.274  INFO 2159 --- [ost-startStop-1] c.n.d.provider.DiscoveryJerseyProvider   : Using XML decoding codec XStreamXml
2018-11-07 11:57:58.990  WARN 2159 --- [           main] c.n.c.sources.URLConfigurationSource     : No URLs will be polled as dynamic configuration sources.
2018-11-07 11:57:58.991  INFO 2159 --- [           main] c.n.c.sources.URLConfigurationSource     : To enable URLs as dynamic configuration sources, define System property archaius.configurationSource.additionalUrls or make config.properties available on classpath.
2018-11-07 11:57:59.158  INFO 2159 --- [           main] o.s.w.s.handler.SimpleUrlHandlerMapping  : Mapped URL path [/**/favicon.ico] onto handler of type [class org.springframework.web.servlet.resource.ResourceHttpRequestHandler]
2018-11-07 11:57:59.642  INFO 2159 --- [           main] s.w.s.m.m.a.RequestMappingHandlerAdapter : Looking for @ControllerAdvice: org.springframework.boot.web.servlet.context.AnnotationConfigServletWebServerApplicationContext@cb644e: startup date [Wed Nov 07 11:57:51 AEDT 2018]; parent: org.springframework.context.annotation.AnnotationConfigApplicationContext@357246de
2018-11-07 11:57:59.811  INFO 2159 --- [           main] s.w.s.m.m.a.RequestMappingHandlerMapping : Mapped "{[/error]}" onto public java.lang.String com.eshop.namingserver.Error.handleError(javax.servlet.http.HttpServletRequest)
2018-11-07 11:57:59.828  INFO 2159 --- [           main] s.w.s.m.m.a.RequestMappingHandlerMapping : Mapped "{[/],methods=[GET]}" onto public java.lang.String org.springframework.cloud.netflix.eureka.server.EurekaController.status(javax.servlet.http.HttpServletRequest,java.util.Map<java.lang.String, java.lang.Object>)
2018-11-07 11:57:59.828  INFO 2159 --- [           main] s.w.s.m.m.a.RequestMappingHandlerMapping : Mapped "{[/lastn],methods=[GET]}" onto public java.lang.String org.springframework.cloud.netflix.eureka.server.EurekaController.lastn(javax.servlet.http.HttpServletRequest,java.util.Map<java.lang.String, java.lang.Object>)
2018-11-07 11:57:59.884  INFO 2159 --- [           main] o.s.w.s.handler.SimpleUrlHandlerMapping  : Mapped URL path [/webjars/**] onto handler of type [class org.springframework.web.servlet.resource.ResourceHttpRequestHandler]
2018-11-07 11:57:59.884  INFO 2159 --- [           main] o.s.w.s.handler.SimpleUrlHandlerMapping  : Mapped URL path [/**] onto handler of type [class org.springframework.web.servlet.resource.ResourceHttpRequestHandler]
2018-11-07 11:58:00.919  INFO 2159 --- [           main] o.s.ui.freemarker.SpringTemplateLoader   : SpringTemplateLoader for FreeMarker: using resource loader [org.springframework.boot.web.servlet.context.AnnotationConfigServletWebServerApplicationContext@cb644e: startup date [Wed Nov 07 11:57:51 AEDT 2018]; parent: org.springframework.context.annotation.AnnotationConfigApplicationContext@357246de] and template loader path [classpath:/templates/]
2018-11-07 11:58:00.952  INFO 2159 --- [           main] o.s.w.s.v.f.FreeMarkerConfigurer         : ClassTemplateLoader for Spring macros added to FreeMarker configuration
2018-11-07 11:58:01.568  INFO 2159 --- [           main] o.s.c.n.eureka.InstanceInfoFactory       : Setting initial instance status as: STARTING
2018-11-07 11:58:01.668  INFO 2159 --- [           main] com.netflix.discovery.DiscoveryClient    : Initializing Eureka in region us-east-1
2018-11-07 11:58:01.668  INFO 2159 --- [           main] com.netflix.discovery.DiscoveryClient    : Client configured to neither register nor query for data.
2018-11-07 11:58:01.686  INFO 2159 --- [           main] com.netflix.discovery.DiscoveryClient    : Discovery Client initialized at timestamp 1541552281684 with initial instances count: 0
2018-11-07 11:58:01.841  INFO 2159 --- [           main] c.n.eureka.DefaultEurekaServerContext    : Initializing ...
2018-11-07 11:58:01.846  INFO 2159 --- [           main] c.n.eureka.cluster.PeerEurekaNodes       : Adding new peer nodes [http://localhost:8761/eureka/]
2018-11-07 11:58:02.308  INFO 2159 --- [           main] c.n.d.provider.DiscoveryJerseyProvider   : Using JSON encoding codec LegacyJacksonJson
2018-11-07 11:58:02.308  INFO 2159 --- [           main] c.n.d.provider.DiscoveryJerseyProvider   : Using JSON decoding codec LegacyJacksonJson
2018-11-07 11:58:02.309  INFO 2159 --- [           main] c.n.d.provider.DiscoveryJerseyProvider   : Using XML encoding codec XStreamXml
2018-11-07 11:58:02.309  INFO 2159 --- [           main] c.n.d.provider.DiscoveryJerseyProvider   : Using XML decoding codec XStreamXml
2018-11-07 11:58:02.554  INFO 2159 --- [           main] c.n.eureka.cluster.PeerEurekaNodes       : Replica node URL:  http://localhost:8761/eureka/
2018-11-07 11:58:02.567  INFO 2159 --- [           main] c.n.e.registry.AbstractInstanceRegistry  : Finished initializing remote region registries. All known remote regions: []
2018-11-07 11:58:02.568  INFO 2159 --- [           main] c.n.eureka.DefaultEurekaServerContext    : Initialized
2018-11-07 11:58:02.640  INFO 2159 --- [           main] o.s.b.a.e.web.EndpointLinksResolver      : Exposing 2 endpoint(s) beneath base path '/actuator'
2018-11-07 11:58:02.665  INFO 2159 --- [           main] s.b.a.e.w.s.WebMvcEndpointHandlerMapping : Mapped "{[/actuator/health],methods=[GET],produces=[application/vnd.spring-boot.actuator.v2+json || application/json]}" onto public java.lang.Object org.springframework.boot.actuate.endpoint.web.servlet.AbstractWebMvcEndpointHandlerMapping$OperationHandler.handle(javax.servlet.http.HttpServletRequest,java.util.Map<java.lang.String, java.lang.String>)
2018-11-07 11:58:02.666  INFO 2159 --- [           main] s.b.a.e.w.s.WebMvcEndpointHandlerMapping : Mapped "{[/actuator/info],methods=[GET],produces=[application/vnd.spring-boot.actuator.v2+json || application/json]}" onto public java.lang.Object org.springframework.boot.actuate.endpoint.web.servlet.AbstractWebMvcEndpointHandlerMapping$OperationHandler.handle(javax.servlet.http.HttpServletRequest,java.util.Map<java.lang.String, java.lang.String>)
2018-11-07 11:58:02.667  INFO 2159 --- [           main] s.b.a.e.w.s.WebMvcEndpointHandlerMapping : Mapped "{[/actuator],methods=[GET],produces=[application/vnd.spring-boot.actuator.v2+json || application/json]}" onto protected java.util.Map<java.lang.String, java.util.Map<java.lang.String, org.springframework.boot.actuate.endpoint.web.Link>> org.springframework.boot.actuate.endpoint.web.servlet.WebMvcEndpointHandlerMapping.links(javax.servlet.http.HttpServletRequest,javax.servlet.http.HttpServletResponse)
2018-11-07 11:58:02.805  INFO 2159 --- [           main] o.s.j.e.a.AnnotationMBeanExporter        : Registering beans for JMX exposure on startup
2018-11-07 11:58:02.823  INFO 2159 --- [           main] o.s.j.e.a.AnnotationMBeanExporter        : Bean with name 'environmentManager' has been autodetected for JMX exposure
2018-11-07 11:58:02.824  INFO 2159 --- [           main] o.s.j.e.a.AnnotationMBeanExporter        : Bean with name 'refreshScope' has been autodetected for JMX exposure
2018-11-07 11:58:02.825  INFO 2159 --- [           main] o.s.j.e.a.AnnotationMBeanExporter        : Bean with name 'configurationPropertiesRebinder' has been autodetected for JMX exposure
2018-11-07 11:58:02.835  INFO 2159 --- [           main] o.s.j.e.a.AnnotationMBeanExporter        : Located managed bean 'environmentManager': registering with JMX server as MBean [org.springframework.cloud.context.environment:name=environmentManager,type=EnvironmentManager]
2018-11-07 11:58:02.848  INFO 2159 --- [           main] o.s.j.e.a.AnnotationMBeanExporter        : Located managed bean 'refreshScope': registering with JMX server as MBean [org.springframework.cloud.context.scope.refresh:name=refreshScope,type=RefreshScope]
2018-11-07 11:58:02.866  INFO 2159 --- [           main] o.s.j.e.a.AnnotationMBeanExporter        : Located managed bean 'configurationPropertiesRebinder': registering with JMX server as MBean [org.springframework.cloud.context.properties:name=configurationPropertiesRebinder,context=cb644e,type=ConfigurationPropertiesRebinder]
2018-11-07 11:58:02.889  INFO 2159 --- [           main] o.s.c.support.DefaultLifecycleProcessor  : Starting beans in phase 0
2018-11-07 11:58:02.901  INFO 2159 --- [           main] o.s.c.n.e.s.EurekaServiceRegistry        : Registering application NAMINGSERVER with eureka with status UP
2018-11-07 11:58:02.906  INFO 2159 --- [      Thread-13] o.s.c.n.e.server.EurekaServerBootstrap   : Setting the eureka configuration..
2018-11-07 11:58:02.906  INFO 2159 --- [      Thread-13] o.s.c.n.e.server.EurekaServerBootstrap   : Eureka data center value eureka.datacenter is not set, defaulting to default
2018-11-07 11:58:02.907  INFO 2159 --- [      Thread-13] o.s.c.n.e.server.EurekaServerBootstrap   : Eureka environment value eureka.environment is not set, defaulting to test
2018-11-07 11:58:02.938  INFO 2159 --- [      Thread-13] o.s.c.n.e.server.EurekaServerBootstrap   : isAws returned false
2018-11-07 11:58:02.939  INFO 2159 --- [      Thread-13] o.s.c.n.e.server.EurekaServerBootstrap   : Initialized server context
2018-11-07 11:58:02.939  INFO 2159 --- [      Thread-13] c.n.e.r.PeerAwareInstanceRegistryImpl    : Got 1 instances from neighboring DS node
2018-11-07 11:58:02.939  INFO 2159 --- [      Thread-13] c.n.e.r.PeerAwareInstanceRegistryImpl    : Renew threshold is: 1
2018-11-07 11:58:02.939  INFO 2159 --- [      Thread-13] c.n.e.r.PeerAwareInstanceRegistryImpl    : Changing status to UP
2018-11-07 11:58:02.950  INFO 2159 --- [      Thread-13] e.s.EurekaServerInitializerConfiguration : Started Eureka Server
2018-11-07 11:58:03.009  INFO 2159 --- [           main] o.s.b.w.embedded.tomcat.TomcatWebServer  : Tomcat started on port(s): 8761 (http) with context path ''
2018-11-07 11:58:03.011  INFO 2159 --- [           main] .s.c.n.e.s.EurekaAutoServiceRegistration : Updating port to 8761
2018-11-07 11:58:03.015  INFO 2159 --- [           main] c.e.n.NamingserverApplication            : Started NamingserverApplication in 12.854 seconds (JVM running for 13.568)
2018-11-07 11:58:05.162  INFO 2159 --- [nio-8761-exec-1] o.a.c.c.C.[Tomcat].[localhost].[/]       : Initializing Spring FrameworkServlet 'dispatcherServlet'
2018-11-07 11:58:05.163  INFO 2159 --- [nio-8761-exec-1] o.s.web.servlet.DispatcherServlet        : FrameworkServlet 'dispatcherServlet': initialization started
2018-11-07 11:58:05.189  INFO 2159 --- [nio-8761-exec-1] o.s.web.servlet.DispatcherServlet        : FrameworkServlet 'dispatcherServlet': initialization completed in 26 ms
2018-11-07 11:58:05.508  INFO 2159 --- [nio-8761-exec-2] c.n.e.registry.AbstractInstanceRegistry  : Registered instance CONFIG_SERVER/10.57.128.140:config_Server:6666 with status UP (replication=false)
2018-11-07 11:58:06.412  INFO 2159 --- [nio-8761-exec-3] c.n.e.registry.AbstractInstanceRegistry  : Registered instance CONFIG_SERVER/10.57.128.140:config_Server:6666 with status UP (replication=true)
2018-11-07 11:58:07.854  INFO 2159 --- [nio-8761-exec-5] c.n.e.registry.AbstractInstanceRegistry  : Registered instance API_GATEWAY_SERVER/10.57.128.140:api_gateway_server:8765 with status UP (replication=false)
2018-11-07 11:58:08.360  INFO 2159 --- [nio-8761-exec-6] c.n.e.registry.AbstractInstanceRegistry  : Registered instance API_GATEWAY_SERVER/10.57.128.140:api_gateway_server:8765 with status UP (replication=true)
2018-11-07 11:58:24.138  INFO 2159 --- [io-8761-exec-10] c.n.e.registry.AbstractInstanceRegistry  : Registered instance ORDERS_MICRO/10.57.128.140:orders_micro:8087 with status UP (replication=false)
2018-11-07 11:58:24.649  INFO 2159 --- [nio-8761-exec-1] c.n.e.registry.AbstractInstanceRegistry  : Registered instance ORDERS_MICRO/10.57.128.140:orders_micro:8087 with status UP (replication=true)
2018-11-07 11:59:02.943  INFO 2159 --- [a-EvictionTimer] c.n.e.registry.AbstractInstanceRegistry  : Running the evict task with compensationTime 0ms
2018-11-07 12:00:02.946  INFO 2159 --- [a-EvictionTimer] c.n.e.registry.AbstractInstanceRegistry  : Running the evict task with compensationTime 3ms
2018-11-07 12:01:02.949  INFO 2159 --- [a-EvictionTimer] c.n.e.registry.AbstractInstanceRegistry  : Running the evict task with compensationTime 2ms
2018-11-07 12:02:02.954  INFO 2159 --- [a-EvictionTimer] c.n.e.registry.AbstractInstanceRegistry  : Running the evict task with compensationTime 5ms
2018-11-07 12:03:02.956  INFO 2159 --- [a-EvictionTimer] c.n.e.registry.AbstractInstanceRegistry  : Running the evict task with compensationTime 2ms
2018-11-07 12:04:02.959  INFO 2159 --- [a-EvictionTimer] c.n.e.registry.AbstractInstanceRegistry  : Running the evict task with compensationTime 3ms
