2018-11-07 11:58:14.479  INFO 2176 --- [           main] s.c.a.AnnotationConfigApplicationContext : Refreshing org.springframework.context.annotation.AnnotationConfigApplicationContext@7d417077: startup date [Wed Nov 07 11:58:14 AEDT 2018]; root of context hierarchy
2018-11-07 11:58:14.763  INFO 2176 --- [           main] f.a.AutowiredAnnotationBeanPostProcessor : JSR-330 'javax.inject.Inject' annotation found and supported for autowiring
2018-11-07 11:58:14.812  INFO 2176 --- [           main] trationDelegate$BeanPostProcessorChecker : Bean 'configurationPropertiesRebinderAutoConfiguration' of type [org.springframework.cloud.autoconfigure.ConfigurationPropertiesRebinderAutoConfiguration$$EnhancerBySpringCGLIB$$f1f067f0] is not eligible for getting processed by all BeanPostProcessors (for example: not eligible for auto-proxying)

  .   ____          _            __ _ _
 /\\ / ___'_ __ _ _(_)_ __  __ _ \ \ \ \
( ( )\___ | '_ | '_| | '_ \/ _` | \ \ \ \
 \\/  ___)| |_)| | | | | || (_| |  ) ) ) )
  '  |____| .__|_| |_|_| |_\__, | / / / /
 =========|_|==============|___/=/_/_/_/
 :: Spring Boot ::        (v2.0.5.RELEASE)

2018-11-07 11:58:15.079  INFO 2176 --- [           main] c.c.c.ConfigServicePropertySourceLocator : Fetching config from server at : http://localhost:6666
2018-11-07 11:58:15.854  INFO 2176 --- [           main] c.c.c.ConfigServicePropertySourceLocator : Located environment: name=orders_micro, profiles=[development], label=null, version=3dab24f7db2cc3f32a9ebb3510418498f035e7d4, state=null
2018-11-07 11:58:15.857  INFO 2176 --- [           main] b.c.PropertySourceBootstrapConfiguration : Located property source: CompositePropertySource {name='configService', propertySources=[MapPropertySource {name='configClient'}, MapPropertySource {name='file:/Users/723310/Desktop/config/orders_micro-development.properties'}]}
2018-11-07 11:58:15.915  INFO 2176 --- [           main] e.g.orderMicro.OrderMicroApplication     : The following profiles are active: development
2018-11-07 11:58:15.933  INFO 2176 --- [           main] ConfigServletWebServerApplicationContext : Refreshing org.springframework.boot.web.servlet.context.AnnotationConfigServletWebServerApplicationContext@1e127982: startup date [Wed Nov 07 11:58:15 AEDT 2018]; parent: org.springframework.context.annotation.AnnotationConfigApplicationContext@7d417077
2018-11-07 11:58:17.059  INFO 2176 --- [           main] o.s.b.f.s.DefaultListableBeanFactory     : Overriding bean definition for bean 'dataSource' with a different definition: replacing [Root bean: class [null]; scope=refresh; abstract=false; lazyInit=false; autowireMode=3; dependencyCheck=0; autowireCandidate=false; primary=false; factoryBeanName=org.springframework.boot.autoconfigure.jdbc.DataSourceConfiguration$Hikari; factoryMethodName=dataSource; initMethodName=null; destroyMethodName=(inferred); defined in class path resource [org/springframework/boot/autoconfigure/jdbc/DataSourceConfiguration$Hikari.class]] with [Root bean: class [org.springframework.aop.scope.ScopedProxyFactoryBean]; scope=; abstract=false; lazyInit=false; autowireMode=0; dependencyCheck=0; autowireCandidate=true; primary=false; factoryBeanName=null; factoryMethodName=null; initMethodName=null; destroyMethodName=null; defined in BeanDefinition defined in class path resource [org/springframework/boot/autoconfigure/jdbc/DataSourceConfiguration$Hikari.class]]
2018-11-07 11:58:17.306  INFO 2176 --- [           main] o.s.cloud.context.scope.GenericScope     : BeanFactory id=383a33a1-23c0-3f98-99dc-b5f65a4f2c62
2018-11-07 11:58:17.344  INFO 2176 --- [           main] f.a.AutowiredAnnotationBeanPostProcessor : JSR-330 'javax.inject.Inject' annotation found and supported for autowiring
2018-11-07 11:58:17.653  INFO 2176 --- [           main] trationDelegate$BeanPostProcessorChecker : Bean 'org.springframework.transaction.annotation.ProxyTransactionManagementConfiguration' of type [org.springframework.transaction.annotation.ProxyTransactionManagementConfiguration$$EnhancerBySpringCGLIB$$d5d664f3] is not eligible for getting processed by all BeanPostProcessors (for example: not eligible for auto-proxying)
2018-11-07 11:58:17.701  INFO 2176 --- [           main] trationDelegate$BeanPostProcessorChecker : Bean 'org.springframework.cloud.autoconfigure.ConfigurationPropertiesRebinderAutoConfiguration' of type [org.springframework.cloud.autoconfigure.ConfigurationPropertiesRebinderAutoConfiguration$$EnhancerBySpringCGLIB$$f1f067f0] is not eligible for getting processed by all BeanPostProcessors (for example: not eligible for auto-proxying)
2018-11-07 11:58:18.073  INFO 2176 --- [           main] o.s.b.w.embedded.tomcat.TomcatWebServer  : Tomcat initialized with port(s): 8087 (http)
2018-11-07 11:58:18.102  INFO 2176 --- [           main] o.apache.catalina.core.StandardService   : Starting service [Tomcat]
2018-11-07 11:58:18.102  INFO 2176 --- [           main] org.apache.catalina.core.StandardEngine  : Starting Servlet Engine: Apache Tomcat/8.5.34
2018-11-07 11:58:18.115  INFO 2176 --- [ost-startStop-1] o.a.catalina.core.AprLifecycleListener   : The APR based Apache Tomcat Native library which allows optimal performance in production environments was not found on the java.library.path: [/Users/723310/Library/Java/Extensions:/Library/Java/Extensions:/Network/Library/Java/Extensions:/System/Library/Java/Extensions:/usr/lib/java:.]
2018-11-07 11:58:18.192  INFO 2176 --- [ost-startStop-1] o.a.c.c.C.[Tomcat].[localhost].[/]       : Initializing Spring embedded WebApplicationContext
2018-11-07 11:58:18.192  INFO 2176 --- [ost-startStop-1] o.s.web.context.ContextLoader            : Root WebApplicationContext: initialization completed in 2259 ms
2018-11-07 11:58:18.398  WARN 2176 --- [ost-startStop-1] c.n.c.sources.URLConfigurationSource     : No URLs will be polled as dynamic configuration sources.
2018-11-07 11:58:18.398  INFO 2176 --- [ost-startStop-1] c.n.c.sources.URLConfigurationSource     : To enable URLs as dynamic configuration sources, define System property archaius.configurationSource.additionalUrls or make config.properties available on classpath.
2018-11-07 11:58:18.426  INFO 2176 --- [ost-startStop-1] c.netflix.config.DynamicPropertyFactory  : DynamicPropertyFactory is initialized with configuration sources: com.netflix.config.ConcurrentCompositeConfiguration@36bfcdef
2018-11-07 11:58:19.439  INFO 2176 --- [ost-startStop-1] o.s.b.w.servlet.FilterRegistrationBean   : Mapping filter: 'characterEncodingFilter' to: [/*]
2018-11-07 11:58:19.439  INFO 2176 --- [ost-startStop-1] o.s.b.w.servlet.FilterRegistrationBean   : Mapping filter: 'webMvcMetricsFilter' to: [/*]
2018-11-07 11:58:19.440  INFO 2176 --- [ost-startStop-1] o.s.b.w.servlet.FilterRegistrationBean   : Mapping filter: 'hiddenHttpMethodFilter' to: [/*]
2018-11-07 11:58:19.440  INFO 2176 --- [ost-startStop-1] o.s.b.w.servlet.FilterRegistrationBean   : Mapping filter: 'httpPutFormContentFilter' to: [/*]
2018-11-07 11:58:19.440  INFO 2176 --- [ost-startStop-1] o.s.b.w.servlet.FilterRegistrationBean   : Mapping filter: 'requestContextFilter' to: [/*]
2018-11-07 11:58:19.440  INFO 2176 --- [ost-startStop-1] o.s.b.w.servlet.FilterRegistrationBean   : Mapping filter: 'httpTraceFilter' to: [/*]
2018-11-07 11:58:19.440  INFO 2176 --- [ost-startStop-1] o.s.b.w.servlet.ServletRegistrationBean  : Servlet dispatcherServlet mapped to [/]
2018-11-07 11:58:19.553  INFO 2176 --- [           main] com.zaxxer.hikari.HikariDataSource       : HikariPool-1 - Starting...
2018-11-07 11:58:19.843  INFO 2176 --- [           main] com.zaxxer.hikari.HikariDataSource       : HikariPool-1 - Start completed.
2018-11-07 11:58:19.906  INFO 2176 --- [           main] j.LocalContainerEntityManagerFactoryBean : Building JPA container EntityManagerFactory for persistence unit 'default'
2018-11-07 11:58:19.930  INFO 2176 --- [           main] o.hibernate.jpa.internal.util.LogHelper  : HHH000204: Processing PersistenceUnitInfo [
	name: default
	...]
2018-11-07 11:58:20.066  INFO 2176 --- [           main] org.hibernate.Version                    : HHH000412: Hibernate Core {5.2.17.Final}
2018-11-07 11:58:20.070  INFO 2176 --- [           main] org.hibernate.cfg.Environment            : HHH000206: hibernate.properties not found
2018-11-07 11:58:20.146  INFO 2176 --- [           main] o.hibernate.annotations.common.Version   : HCANN000001: Hibernate Commons Annotations {5.0.1.Final}
2018-11-07 11:58:20.309 DEBUG 2176 --- [           main] org.hibernate.type.BasicTypeRegistry     : Adding type registration boolean -> org.hibernate.type.BooleanType@71c27ee8
2018-11-07 11:58:20.309 DEBUG 2176 --- [           main] org.hibernate.type.BasicTypeRegistry     : Adding type registration boolean -> org.hibernate.type.BooleanType@71c27ee8
2018-11-07 11:58:20.309 DEBUG 2176 --- [           main] org.hibernate.type.BasicTypeRegistry     : Adding type registration java.lang.Boolean -> org.hibernate.type.BooleanType@71c27ee8
2018-11-07 11:58:20.310 DEBUG 2176 --- [           main] org.hibernate.type.BasicTypeRegistry     : Adding type registration numeric_boolean -> org.hibernate.type.NumericBooleanType@3e7dd664
2018-11-07 11:58:20.311 DEBUG 2176 --- [           main] org.hibernate.type.BasicTypeRegistry     : Adding type registration true_false -> org.hibernate.type.TrueFalseType@5b1ebf56
2018-11-07 11:58:20.312 DEBUG 2176 --- [           main] org.hibernate.type.BasicTypeRegistry     : Adding type registration yes_no -> org.hibernate.type.YesNoType@294a6b8e
2018-11-07 11:58:20.313 DEBUG 2176 --- [           main] org.hibernate.type.BasicTypeRegistry     : Adding type registration byte -> org.hibernate.type.ByteType@4b1d6571
2018-11-07 11:58:20.313 DEBUG 2176 --- [           main] org.hibernate.type.BasicTypeRegistry     : Adding type registration byte -> org.hibernate.type.ByteType@4b1d6571
2018-11-07 11:58:20.313 DEBUG 2176 --- [           main] org.hibernate.type.BasicTypeRegistry     : Adding type registration java.lang.Byte -> org.hibernate.type.ByteType@4b1d6571
2018-11-07 11:58:20.314 DEBUG 2176 --- [           main] org.hibernate.type.BasicTypeRegistry     : Adding type registration character -> org.hibernate.type.CharacterType@1b835480
2018-11-07 11:58:20.314 DEBUG 2176 --- [           main] org.hibernate.type.BasicTypeRegistry     : Adding type registration char -> org.hibernate.type.CharacterType@1b835480
2018-11-07 11:58:20.315 DEBUG 2176 --- [           main] org.hibernate.type.BasicTypeRegistry     : Adding type registration java.lang.Character -> org.hibernate.type.CharacterType@1b835480
2018-11-07 11:58:20.316 DEBUG 2176 --- [           main] org.hibernate.type.BasicTypeRegistry     : Adding type registration short -> org.hibernate.type.ShortType@3549bca9
2018-11-07 11:58:20.316 DEBUG 2176 --- [           main] org.hibernate.type.BasicTypeRegistry     : Adding type registration short -> org.hibernate.type.ShortType@3549bca9
2018-11-07 11:58:20.316 DEBUG 2176 --- [           main] org.hibernate.type.BasicTypeRegistry     : Adding type registration java.lang.Short -> org.hibernate.type.ShortType@3549bca9
2018-11-07 11:58:20.317 DEBUG 2176 --- [           main] org.hibernate.type.BasicTypeRegistry     : Adding type registration integer -> org.hibernate.type.IntegerType@4f25b795
2018-11-07 11:58:20.317 DEBUG 2176 --- [           main] org.hibernate.type.BasicTypeRegistry     : Adding type registration int -> org.hibernate.type.IntegerType@4f25b795
2018-11-07 11:58:20.317 DEBUG 2176 --- [           main] org.hibernate.type.BasicTypeRegistry     : Adding type registration java.lang.Integer -> org.hibernate.type.IntegerType@4f25b795
2018-11-07 11:58:20.318 DEBUG 2176 --- [           main] org.hibernate.type.BasicTypeRegistry     : Adding type registration long -> org.hibernate.type.LongType@6fb365ed
2018-11-07 11:58:20.319 DEBUG 2176 --- [           main] org.hibernate.type.BasicTypeRegistry     : Adding type registration long -> org.hibernate.type.LongType@6fb365ed
2018-11-07 11:58:20.319 DEBUG 2176 --- [           main] org.hibernate.type.BasicTypeRegistry     : Adding type registration java.lang.Long -> org.hibernate.type.LongType@6fb365ed
2018-11-07 11:58:20.320 DEBUG 2176 --- [           main] org.hibernate.type.BasicTypeRegistry     : Adding type registration float -> org.hibernate.type.FloatType@6e950bcf
2018-11-07 11:58:20.320 DEBUG 2176 --- [           main] org.hibernate.type.BasicTypeRegistry     : Adding type registration float -> org.hibernate.type.FloatType@6e950bcf
2018-11-07 11:58:20.320 DEBUG 2176 --- [           main] org.hibernate.type.BasicTypeRegistry     : Adding type registration java.lang.Float -> org.hibernate.type.FloatType@6e950bcf
2018-11-07 11:58:20.321 DEBUG 2176 --- [           main] org.hibernate.type.BasicTypeRegistry     : Adding type registration double -> org.hibernate.type.DoubleType@16414e40
2018-11-07 11:58:20.322 DEBUG 2176 --- [           main] org.hibernate.type.BasicTypeRegistry     : Adding type registration double -> org.hibernate.type.DoubleType@16414e40
2018-11-07 11:58:20.322 DEBUG 2176 --- [           main] org.hibernate.type.BasicTypeRegistry     : Adding type registration java.lang.Double -> org.hibernate.type.DoubleType@16414e40
2018-11-07 11:58:20.324 DEBUG 2176 --- [           main] org.hibernate.type.BasicTypeRegistry     : Adding type registration big_decimal -> org.hibernate.type.BigDecimalType@74bada02
2018-11-07 11:58:20.324 DEBUG 2176 --- [           main] org.hibernate.type.BasicTypeRegistry     : Adding type registration java.math.BigDecimal -> org.hibernate.type.BigDecimalType@74bada02
2018-11-07 11:58:20.325 DEBUG 2176 --- [           main] org.hibernate.type.BasicTypeRegistry     : Adding type registration big_integer -> org.hibernate.type.BigIntegerType@525575
2018-11-07 11:58:20.325 DEBUG 2176 --- [           main] org.hibernate.type.BasicTypeRegistry     : Adding type registration java.math.BigInteger -> org.hibernate.type.BigIntegerType@525575
2018-11-07 11:58:20.326 DEBUG 2176 --- [           main] org.hibernate.type.BasicTypeRegistry     : Adding type registration string -> org.hibernate.type.StringType@46dffdc3
2018-11-07 11:58:20.326 DEBUG 2176 --- [           main] org.hibernate.type.BasicTypeRegistry     : Adding type registration java.lang.String -> org.hibernate.type.StringType@46dffdc3
2018-11-07 11:58:20.327 DEBUG 2176 --- [           main] org.hibernate.type.BasicTypeRegistry     : Adding type registration nstring -> org.hibernate.type.StringNVarcharType@5a709816
2018-11-07 11:58:20.328 DEBUG 2176 --- [           main] org.hibernate.type.BasicTypeRegistry     : Adding type registration ncharacter -> org.hibernate.type.CharacterNCharType@78383390
2018-11-07 11:58:20.329 DEBUG 2176 --- [           main] org.hibernate.type.BasicTypeRegistry     : Adding type registration url -> org.hibernate.type.UrlType@6ad3381f
2018-11-07 11:58:20.329 DEBUG 2176 --- [           main] org.hibernate.type.BasicTypeRegistry     : Adding type registration java.net.URL -> org.hibernate.type.UrlType@6ad3381f
2018-11-07 11:58:20.329 DEBUG 2176 --- [           main] org.hibernate.type.BasicTypeRegistry     : Adding type registration Duration -> org.hibernate.type.DurationType@53dbe163
2018-11-07 11:58:20.329 DEBUG 2176 --- [           main] org.hibernate.type.BasicTypeRegistry     : Adding type registration java.time.Duration -> org.hibernate.type.DurationType@53dbe163
2018-11-07 11:58:20.331 DEBUG 2176 --- [           main] org.hibernate.type.BasicTypeRegistry     : Adding type registration Instant -> org.hibernate.type.InstantType@db57326
2018-11-07 11:58:20.331 DEBUG 2176 --- [           main] org.hibernate.type.BasicTypeRegistry     : Adding type registration java.time.Instant -> org.hibernate.type.InstantType@db57326
2018-11-07 11:58:20.332 DEBUG 2176 --- [           main] org.hibernate.type.BasicTypeRegistry     : Adding type registration LocalDateTime -> org.hibernate.type.LocalDateTimeType@34a875b3
2018-11-07 11:58:20.332 DEBUG 2176 --- [           main] org.hibernate.type.BasicTypeRegistry     : Adding type registration java.time.LocalDateTime -> org.hibernate.type.LocalDateTimeType@34a875b3
2018-11-07 11:58:20.333 DEBUG 2176 --- [           main] org.hibernate.type.BasicTypeRegistry     : Adding type registration LocalDate -> org.hibernate.type.LocalDateType@4748a0f9
2018-11-07 11:58:20.333 DEBUG 2176 --- [           main] org.hibernate.type.BasicTypeRegistry     : Adding type registration java.time.LocalDate -> org.hibernate.type.LocalDateType@4748a0f9
2018-11-07 11:58:20.335 DEBUG 2176 --- [           main] org.hibernate.type.BasicTypeRegistry     : Adding type registration LocalTime -> org.hibernate.type.LocalTimeType@4b14918a
2018-11-07 11:58:20.335 DEBUG 2176 --- [           main] org.hibernate.type.BasicTypeRegistry     : Adding type registration java.time.LocalTime -> org.hibernate.type.LocalTimeType@4b14918a
2018-11-07 11:58:20.336 DEBUG 2176 --- [           main] org.hibernate.type.BasicTypeRegistry     : Adding type registration OffsetDateTime -> org.hibernate.type.OffsetDateTimeType@6d1ef78d
2018-11-07 11:58:20.336 DEBUG 2176 --- [           main] org.hibernate.type.BasicTypeRegistry     : Adding type registration java.time.OffsetDateTime -> org.hibernate.type.OffsetDateTimeType@6d1ef78d
2018-11-07 11:58:20.337 DEBUG 2176 --- [           main] org.hibernate.type.BasicTypeRegistry     : Adding type registration OffsetTime -> org.hibernate.type.OffsetTimeType@1a6c1270
2018-11-07 11:58:20.337 DEBUG 2176 --- [           main] org.hibernate.type.BasicTypeRegistry     : Adding type registration java.time.OffsetTime -> org.hibernate.type.OffsetTimeType@1a6c1270
2018-11-07 11:58:20.338 DEBUG 2176 --- [           main] org.hibernate.type.BasicTypeRegistry     : Adding type registration ZonedDateTime -> org.hibernate.type.ZonedDateTimeType@18a136ac
2018-11-07 11:58:20.338 DEBUG 2176 --- [           main] org.hibernate.type.BasicTypeRegistry     : Adding type registration java.time.ZonedDateTime -> org.hibernate.type.ZonedDateTimeType@18a136ac
2018-11-07 11:58:20.339 DEBUG 2176 --- [           main] org.hibernate.type.BasicTypeRegistry     : Adding type registration date -> org.hibernate.type.DateType@77d67cf3
2018-11-07 11:58:20.339 DEBUG 2176 --- [           main] org.hibernate.type.BasicTypeRegistry     : Adding type registration java.sql.Date -> org.hibernate.type.DateType@77d67cf3
2018-11-07 11:58:20.340 DEBUG 2176 --- [           main] org.hibernate.type.BasicTypeRegistry     : Adding type registration time -> org.hibernate.type.TimeType@6dee4f1b
2018-11-07 11:58:20.340 DEBUG 2176 --- [           main] org.hibernate.type.BasicTypeRegistry     : Adding type registration java.sql.Time -> org.hibernate.type.TimeType@6dee4f1b
2018-11-07 11:58:20.341 DEBUG 2176 --- [           main] org.hibernate.type.BasicTypeRegistry     : Adding type registration timestamp -> org.hibernate.type.TimestampType@176b3f44
2018-11-07 11:58:20.341 DEBUG 2176 --- [           main] org.hibernate.type.BasicTypeRegistry     : Adding type registration java.sql.Timestamp -> org.hibernate.type.TimestampType@176b3f44
2018-11-07 11:58:20.342 DEBUG 2176 --- [           main] org.hibernate.type.BasicTypeRegistry     : Adding type registration java.util.Date -> org.hibernate.type.TimestampType@176b3f44
2018-11-07 11:58:20.343 DEBUG 2176 --- [           main] org.hibernate.type.BasicTypeRegistry     : Adding type registration dbtimestamp -> org.hibernate.type.DbTimestampType@6ee6f53
2018-11-07 11:58:20.344 DEBUG 2176 --- [           main] org.hibernate.type.BasicTypeRegistry     : Adding type registration calendar -> org.hibernate.type.CalendarType@421bba99
2018-11-07 11:58:20.344 DEBUG 2176 --- [           main] org.hibernate.type.BasicTypeRegistry     : Adding type registration java.util.Calendar -> org.hibernate.type.CalendarType@421bba99
2018-11-07 11:58:20.344 DEBUG 2176 --- [           main] org.hibernate.type.BasicTypeRegistry     : Adding type registration java.util.GregorianCalendar -> org.hibernate.type.CalendarType@421bba99
2018-11-07 11:58:20.345 DEBUG 2176 --- [           main] org.hibernate.type.BasicTypeRegistry     : Adding type registration calendar_date -> org.hibernate.type.CalendarDateType@5d12a356
2018-11-07 11:58:20.345 DEBUG 2176 --- [           main] org.hibernate.type.BasicTypeRegistry     : Adding type registration locale -> org.hibernate.type.LocaleType@134d26af
2018-11-07 11:58:20.345 DEBUG 2176 --- [           main] org.hibernate.type.BasicTypeRegistry     : Adding type registration java.util.Locale -> org.hibernate.type.LocaleType@134d26af
2018-11-07 11:58:20.346 DEBUG 2176 --- [           main] org.hibernate.type.BasicTypeRegistry     : Adding type registration currency -> org.hibernate.type.CurrencyType@66ac5762
2018-11-07 11:58:20.346 DEBUG 2176 --- [           main] org.hibernate.type.BasicTypeRegistry     : Adding type registration java.util.Currency -> org.hibernate.type.CurrencyType@66ac5762
2018-11-07 11:58:20.347 DEBUG 2176 --- [           main] org.hibernate.type.BasicTypeRegistry     : Adding type registration timezone -> org.hibernate.type.TimeZoneType@797cf65c
2018-11-07 11:58:20.347 DEBUG 2176 --- [           main] org.hibernate.type.BasicTypeRegistry     : Adding type registration java.util.TimeZone -> org.hibernate.type.TimeZoneType@797cf65c
2018-11-07 11:58:20.348 DEBUG 2176 --- [           main] org.hibernate.type.BasicTypeRegistry     : Adding type registration class -> org.hibernate.type.ClassType@31bcf236
2018-11-07 11:58:20.348 DEBUG 2176 --- [           main] org.hibernate.type.BasicTypeRegistry     : Adding type registration java.lang.Class -> org.hibernate.type.ClassType@31bcf236
2018-11-07 11:58:20.350 DEBUG 2176 --- [           main] org.hibernate.type.BasicTypeRegistry     : Adding type registration uuid-binary -> org.hibernate.type.UUIDBinaryType@4b3ed2f0
2018-11-07 11:58:20.350 DEBUG 2176 --- [           main] org.hibernate.type.BasicTypeRegistry     : Adding type registration java.util.UUID -> org.hibernate.type.UUIDBinaryType@4b3ed2f0
2018-11-07 11:58:20.350 DEBUG 2176 --- [           main] org.hibernate.type.BasicTypeRegistry     : Adding type registration uuid-char -> org.hibernate.type.UUIDCharType@4fad9bb2
2018-11-07 11:58:20.351 DEBUG 2176 --- [           main] org.hibernate.type.BasicTypeRegistry     : Adding type registration binary -> org.hibernate.type.BinaryType@517d4a0d
2018-11-07 11:58:20.351 DEBUG 2176 --- [           main] org.hibernate.type.BasicTypeRegistry     : Adding type registration byte[] -> org.hibernate.type.BinaryType@517d4a0d
2018-11-07 11:58:20.351 DEBUG 2176 --- [           main] org.hibernate.type.BasicTypeRegistry     : Adding type registration [B -> org.hibernate.type.BinaryType@517d4a0d
2018-11-07 11:58:20.352 DEBUG 2176 --- [           main] org.hibernate.type.BasicTypeRegistry     : Adding type registration wrapper-binary -> org.hibernate.type.WrapperBinaryType@7862f56
2018-11-07 11:58:20.352 DEBUG 2176 --- [           main] org.hibernate.type.BasicTypeRegistry     : Adding type registration Byte[] -> org.hibernate.type.WrapperBinaryType@7862f56
2018-11-07 11:58:20.352 DEBUG 2176 --- [           main] org.hibernate.type.BasicTypeRegistry     : Adding type registration [Ljava.lang.Byte; -> org.hibernate.type.WrapperBinaryType@7862f56
2018-11-07 11:58:20.353 DEBUG 2176 --- [           main] org.hibernate.type.BasicTypeRegistry     : Adding type registration row_version -> org.hibernate.type.RowVersionType@3a12c404
2018-11-07 11:58:20.354 DEBUG 2176 --- [           main] org.hibernate.type.BasicTypeRegistry     : Adding type registration image -> org.hibernate.type.ImageType@1941a8ff
2018-11-07 11:58:20.355 DEBUG 2176 --- [           main] org.hibernate.type.BasicTypeRegistry     : Adding type registration characters -> org.hibernate.type.CharArrayType@22d7b4f8
2018-11-07 11:58:20.355 DEBUG 2176 --- [           main] org.hibernate.type.BasicTypeRegistry     : Adding type registration char[] -> org.hibernate.type.CharArrayType@22d7b4f8
2018-11-07 11:58:20.355 DEBUG 2176 --- [           main] org.hibernate.type.BasicTypeRegistry     : Adding type registration [C -> org.hibernate.type.CharArrayType@22d7b4f8
2018-11-07 11:58:20.356 DEBUG 2176 --- [           main] org.hibernate.type.BasicTypeRegistry     : Adding type registration wrapper-characters -> org.hibernate.type.CharacterArrayType@149dd36b
2018-11-07 11:58:20.356 DEBUG 2176 --- [           main] org.hibernate.type.BasicTypeRegistry     : Adding type registration [Ljava.lang.Character; -> org.hibernate.type.CharacterArrayType@149dd36b
2018-11-07 11:58:20.356 DEBUG 2176 --- [           main] org.hibernate.type.BasicTypeRegistry     : Adding type registration Character[] -> org.hibernate.type.CharacterArrayType@149dd36b
2018-11-07 11:58:20.359 DEBUG 2176 --- [           main] org.hibernate.type.BasicTypeRegistry     : Adding type registration text -> org.hibernate.type.TextType@38831718
2018-11-07 11:58:20.360 DEBUG 2176 --- [           main] org.hibernate.type.BasicTypeRegistry     : Adding type registration ntext -> org.hibernate.type.NTextType@2c1156a7
2018-11-07 11:58:20.365 DEBUG 2176 --- [           main] org.hibernate.type.BasicTypeRegistry     : Adding type registration blob -> org.hibernate.type.BlobType@33fe57a9
2018-11-07 11:58:20.365 DEBUG 2176 --- [           main] org.hibernate.type.BasicTypeRegistry     : Adding type registration java.sql.Blob -> org.hibernate.type.BlobType@33fe57a9
2018-11-07 11:58:20.366 DEBUG 2176 --- [           main] org.hibernate.type.BasicTypeRegistry     : Adding type registration materialized_blob -> org.hibernate.type.MaterializedBlobType@4982cc36
2018-11-07 11:58:20.369 DEBUG 2176 --- [           main] org.hibernate.type.BasicTypeRegistry     : Adding type registration clob -> org.hibernate.type.ClobType@691939c9
2018-11-07 11:58:20.369 DEBUG 2176 --- [           main] org.hibernate.type.BasicTypeRegistry     : Adding type registration java.sql.Clob -> org.hibernate.type.ClobType@691939c9
2018-11-07 11:58:20.372 DEBUG 2176 --- [           main] org.hibernate.type.BasicTypeRegistry     : Adding type registration nclob -> org.hibernate.type.NClobType@4f1bfe23
2018-11-07 11:58:20.372 DEBUG 2176 --- [           main] org.hibernate.type.BasicTypeRegistry     : Adding type registration java.sql.NClob -> org.hibernate.type.NClobType@4f1bfe23
2018-11-07 11:58:20.373 DEBUG 2176 --- [           main] org.hibernate.type.BasicTypeRegistry     : Adding type registration materialized_clob -> org.hibernate.type.MaterializedClobType@e19bb76
2018-11-07 11:58:20.373 DEBUG 2176 --- [           main] org.hibernate.type.BasicTypeRegistry     : Adding type registration materialized_nclob -> org.hibernate.type.MaterializedNClobType@512535ff
2018-11-07 11:58:20.374 DEBUG 2176 --- [           main] org.hibernate.type.BasicTypeRegistry     : Adding type registration serializable -> org.hibernate.type.SerializableType@71529963
2018-11-07 11:58:20.378 DEBUG 2176 --- [           main] org.hibernate.type.BasicTypeRegistry     : Adding type registration object -> org.hibernate.type.ObjectType@61a88b8c
2018-11-07 11:58:20.378 DEBUG 2176 --- [           main] org.hibernate.type.BasicTypeRegistry     : Adding type registration java.lang.Object -> org.hibernate.type.ObjectType@61a88b8c
2018-11-07 11:58:20.378 DEBUG 2176 --- [           main] org.hibernate.type.BasicTypeRegistry     : Adding type registration imm_date -> org.hibernate.type.AdaptedImmutableType@22295ec4
2018-11-07 11:58:20.378 DEBUG 2176 --- [           main] org.hibernate.type.BasicTypeRegistry     : Adding type registration imm_time -> org.hibernate.type.AdaptedImmutableType@5adb0db3
2018-11-07 11:58:20.378 DEBUG 2176 --- [           main] org.hibernate.type.BasicTypeRegistry     : Adding type registration imm_timestamp -> org.hibernate.type.AdaptedImmutableType@3f270e0a
2018-11-07 11:58:20.378 DEBUG 2176 --- [           main] org.hibernate.type.BasicTypeRegistry     : Adding type registration imm_dbtimestamp -> org.hibernate.type.AdaptedImmutableType@1a760689
2018-11-07 11:58:20.378 DEBUG 2176 --- [           main] org.hibernate.type.BasicTypeRegistry     : Adding type registration imm_calendar -> org.hibernate.type.AdaptedImmutableType@7241a47d
2018-11-07 11:58:20.378 DEBUG 2176 --- [           main] org.hibernate.type.BasicTypeRegistry     : Adding type registration imm_calendar_date -> org.hibernate.type.AdaptedImmutableType@70f59913
2018-11-07 11:58:20.378 DEBUG 2176 --- [           main] org.hibernate.type.BasicTypeRegistry     : Adding type registration imm_binary -> org.hibernate.type.AdaptedImmutableType@77258e59
2018-11-07 11:58:20.378 DEBUG 2176 --- [           main] org.hibernate.type.BasicTypeRegistry     : Adding type registration imm_serializable -> org.hibernate.type.AdaptedImmutableType@5dcd8c7a
2018-11-07 11:58:20.401  INFO 2176 --- [           main] org.hibernate.dialect.Dialect            : HHH000400: Using dialect: org.hibernate.dialect.MySQL5Dialect
2018-11-07 11:58:20.733 TRACE 2176 --- [           main] org.hibernate.type.TypeFactory           : Scoping types to session factory org.hibernate.internal.SessionFactoryImpl@4aa83f4f
2018-11-07 11:58:21.074 DEBUG 2176 --- [           main] org.hibernate.SQL                        : alter table order_line add constraint FKb7entl3h8x15qlkk5fyqm3o00 foreign key (order_id) references order_sum (order_id)
Hibernate: alter table order_line add constraint FKb7entl3h8x15qlkk5fyqm3o00 foreign key (order_id) references order_sum (order_id)
2018-11-07 11:58:21.095  INFO 2176 --- [           main] j.LocalContainerEntityManagerFactoryBean : Initialized JPA EntityManagerFactory for persistence unit 'default'
2018-11-07 11:58:21.657  INFO 2176 --- [           main] o.h.h.i.QueryTranslatorFactoryInitiator  : HHH000397: Using ASTQueryTranslatorFactory
2018-11-07 11:58:21.890  WARN 2176 --- [           main] c.n.c.sources.URLConfigurationSource     : No URLs will be polled as dynamic configuration sources.
2018-11-07 11:58:21.891  INFO 2176 --- [           main] c.n.c.sources.URLConfigurationSource     : To enable URLs as dynamic configuration sources, define System property archaius.configurationSource.additionalUrls or make config.properties available on classpath.
2018-11-07 11:58:21.984  INFO 2176 --- [           main] o.s.w.s.handler.SimpleUrlHandlerMapping  : Mapped URL path [/**/favicon.ico] onto handler of type [class org.springframework.web.servlet.resource.ResourceHttpRequestHandler]
2018-11-07 11:58:22.224  INFO 2176 --- [           main] s.w.s.m.m.a.RequestMappingHandlerAdapter : Looking for @ControllerAdvice: org.springframework.boot.web.servlet.context.AnnotationConfigServletWebServerApplicationContext@1e127982: startup date [Wed Nov 07 11:58:15 AEDT 2018]; parent: org.springframework.context.annotation.AnnotationConfigApplicationContext@7d417077
2018-11-07 11:58:22.266  WARN 2176 --- [           main] aWebConfiguration$JpaWebMvcConfiguration : spring.jpa.open-in-view is enabled by default. Therefore, database queries may be performed during view rendering. Explicitly configure spring.jpa.open-in-view to disable this warning
2018-11-07 11:58:22.310  INFO 2176 --- [           main] s.w.s.m.m.a.RequestMappingHandlerMapping : Mapped "{[/order/all],methods=[GET]}" onto public java.lang.Iterable<elixir.grizzly.orderMicro.Entity.OrderSum> elixir.grizzly.orderMicro.Controller.OrderController.allOrder()
2018-11-07 11:58:22.311  INFO 2176 --- [           main] s.w.s.m.m.a.RequestMappingHandlerMapping : Mapped "{[/order/allOrder],methods=[GET]}" onto public java.lang.Iterable<elixir.grizzly.orderMicro.Entity.OrderSum> elixir.grizzly.orderMicro.Controller.OrderController.getAllOrder()
2018-11-07 11:58:22.312  INFO 2176 --- [           main] s.w.s.m.m.a.RequestMappingHandlerMapping : Mapped "{[/order/user/{email}],methods=[GET]}" onto public org.springframework.http.ResponseEntity elixir.grizzly.orderMicro.Controller.OrderController.getOrderByUser(java.lang.String)
2018-11-07 11:58:22.312  INFO 2176 --- [           main] s.w.s.m.m.a.RequestMappingHandlerMapping : Mapped "{[/order/user/{email}/{stat}],methods=[GET]}" onto public org.springframework.http.ResponseEntity elixir.grizzly.orderMicro.Controller.OrderController.getOrderByStatus(java.lang.String,java.lang.String)
2018-11-07 11:58:22.312  INFO 2176 --- [           main] s.w.s.m.m.a.RequestMappingHandlerMapping : Mapped "{[/order/delete/{email}/{pid}],methods=[DELETE]}" onto public org.springframework.http.ResponseEntity elixir.grizzly.orderMicro.Controller.OrderController.getOrderByStatus(java.lang.String,int)
2018-11-07 11:58:22.313  INFO 2176 --- [           main] s.w.s.m.m.a.RequestMappingHandlerMapping : Mapped "{[/order/delete/{id}],methods=[DELETE]}" onto public org.springframework.http.ResponseEntity elixir.grizzly.orderMicro.Controller.OrderController.delOrder(int)
2018-11-07 11:58:22.313  INFO 2176 --- [           main] s.w.s.m.m.a.RequestMappingHandlerMapping : Mapped "{[/order/user/{email}/cart],methods=[GET]}" onto public org.springframework.http.ResponseEntity elixir.grizzly.orderMicro.Controller.OrderController.checkCart(java.lang.String)
2018-11-07 11:58:22.313  INFO 2176 --- [           main] s.w.s.m.m.a.RequestMappingHandlerMapping : Mapped "{[/order/addOrder/{email}],methods=[POST],consumes=[application/json]}" onto public org.springframework.http.ResponseEntity elixir.grizzly.orderMicro.Controller.OrderController.addProduct(elixir.grizzly.orderMicro.Entity.DTO.OrderLineDTO,java.lang.String)
2018-11-07 11:58:22.313  INFO 2176 --- [           main] s.w.s.m.m.a.RequestMappingHandlerMapping : Mapped "{[/order/delete/user/{email}],methods=[DELETE]}" onto public org.springframework.http.ResponseEntity elixir.grizzly.orderMicro.Controller.OrderController.delUndoneOrder(java.lang.String)
2018-11-07 11:58:22.314  INFO 2176 --- [           main] s.w.s.m.m.a.RequestMappingHandlerMapping : Mapped "{[/order/test/{id}],methods=[GET]}" onto public org.springframework.http.ResponseEntity elixir.grizzly.orderMicro.Controller.OrderController.testfun(int)
2018-11-07 11:58:22.314  INFO 2176 --- [           main] s.w.s.m.m.a.RequestMappingHandlerMapping : Mapped "{[/order/status],methods=[PUT],consumes=[application/json]}" onto public org.springframework.http.ResponseEntity elixir.grizzly.orderMicro.Controller.OrderController.updateStatus(elixir.grizzly.orderMicro.Entity.DTO.OrderSumDTO)
2018-11-07 11:58:22.314  INFO 2176 --- [           main] s.w.s.m.m.a.RequestMappingHandlerMapping : Mapped "{[/order/{id}],methods=[GET]}" onto public org.springframework.http.ResponseEntity elixir.grizzly.orderMicro.Controller.OrderController.getOrder(int)
2018-11-07 11:58:22.315  INFO 2176 --- [           main] s.w.s.m.m.a.RequestMappingHandlerMapping : Mapped "{[/paypal/tess/],methods=[GET]}" onto public java.lang.String elixir.grizzly.orderMicro.Controller.PayPalController.test()
2018-11-07 11:58:22.315  INFO 2176 --- [           main] s.w.s.m.m.a.RequestMappingHandlerMapping : Mapped "{[/paypal/complete/payment],methods=[POST]}" onto public java.util.Map<java.lang.String, java.lang.Object> elixir.grizzly.orderMicro.Controller.PayPalController.completePayment(javax.servlet.http.HttpServletRequest,java.lang.String,java.lang.String)
2018-11-07 11:58:22.315  INFO 2176 --- [           main] s.w.s.m.m.a.RequestMappingHandlerMapping : Mapped "{[/paypal/make/payment],methods=[POST]}" onto public java.util.Map<java.lang.String, java.lang.Object> elixir.grizzly.orderMicro.Controller.PayPalController.makePayment(java.lang.String,java.lang.String,java.lang.String)
2018-11-07 11:58:22.318  INFO 2176 --- [           main] s.w.s.m.m.a.RequestMappingHandlerMapping : Mapped "{[/error]}" onto public org.springframework.http.ResponseEntity<java.util.Map<java.lang.String, java.lang.Object>> org.springframework.boot.autoconfigure.web.servlet.error.BasicErrorController.error(javax.servlet.http.HttpServletRequest)
2018-11-07 11:58:22.318  INFO 2176 --- [           main] s.w.s.m.m.a.RequestMappingHandlerMapping : Mapped "{[/error],produces=[text/html]}" onto public org.springframework.web.servlet.ModelAndView org.springframework.boot.autoconfigure.web.servlet.error.BasicErrorController.errorHtml(javax.servlet.http.HttpServletRequest,javax.servlet.http.HttpServletResponse)
2018-11-07 11:58:22.349  INFO 2176 --- [           main] o.s.w.s.handler.SimpleUrlHandlerMapping  : Mapped URL path [/webjars/**] onto handler of type [class org.springframework.web.servlet.resource.ResourceHttpRequestHandler]
2018-11-07 11:58:22.349  INFO 2176 --- [           main] o.s.w.s.handler.SimpleUrlHandlerMapping  : Mapped URL path [/**] onto handler of type [class org.springframework.web.servlet.resource.ResourceHttpRequestHandler]
2018-11-07 11:58:23.146  INFO 2176 --- [           main] o.s.b.a.e.web.EndpointLinksResolver      : Exposing 4 endpoint(s) beneath base path '/actuator'
2018-11-07 11:58:23.159  INFO 2176 --- [           main] s.b.a.e.w.s.WebMvcEndpointHandlerMapping : Mapped "{[/actuator/health],methods=[GET],produces=[application/vnd.spring-boot.actuator.v2+json || application/json]}" onto public java.lang.Object org.springframework.boot.actuate.endpoint.web.servlet.AbstractWebMvcEndpointHandlerMapping$OperationHandler.handle(javax.servlet.http.HttpServletRequest,java.util.Map<java.lang.String, java.lang.String>)
2018-11-07 11:58:23.160  INFO 2176 --- [           main] s.b.a.e.w.s.WebMvcEndpointHandlerMapping : Mapped "{[/actuator/env],methods=[GET],produces=[application/vnd.spring-boot.actuator.v2+json || application/json]}" onto public java.lang.Object org.springframework.boot.actuate.endpoint.web.servlet.AbstractWebMvcEndpointHandlerMapping$OperationHandler.handle(javax.servlet.http.HttpServletRequest,java.util.Map<java.lang.String, java.lang.String>)
2018-11-07 11:58:23.160  INFO 2176 --- [           main] s.b.a.e.w.s.WebMvcEndpointHandlerMapping : Mapped "{[/actuator/env/{toMatch}],methods=[GET],produces=[application/vnd.spring-boot.actuator.v2+json || application/json]}" onto public java.lang.Object org.springframework.boot.actuate.endpoint.web.servlet.AbstractWebMvcEndpointHandlerMapping$OperationHandler.handle(javax.servlet.http.HttpServletRequest,java.util.Map<java.lang.String, java.lang.String>)
2018-11-07 11:58:23.160  INFO 2176 --- [           main] s.b.a.e.w.s.WebMvcEndpointHandlerMapping : Mapped "{[/actuator/env],methods=[POST],consumes=[application/vnd.spring-boot.actuator.v2+json || application/json],produces=[application/vnd.spring-boot.actuator.v2+json || application/json]}" onto public java.lang.Object org.springframework.boot.actuate.endpoint.web.servlet.AbstractWebMvcEndpointHandlerMapping$OperationHandler.handle(javax.servlet.http.HttpServletRequest,java.util.Map<java.lang.String, java.lang.String>)
2018-11-07 11:58:23.160  INFO 2176 --- [           main] s.b.a.e.w.s.WebMvcEndpointHandlerMapping : Mapped "{[/actuator/env],methods=[DELETE],produces=[application/vnd.spring-boot.actuator.v2+json || application/json]}" onto public java.lang.Object org.springframework.boot.actuate.endpoint.web.servlet.AbstractWebMvcEndpointHandlerMapping$OperationHandler.handle(javax.servlet.http.HttpServletRequest,java.util.Map<java.lang.String, java.lang.String>)
2018-11-07 11:58:23.160  INFO 2176 --- [           main] s.b.a.e.w.s.WebMvcEndpointHandlerMapping : Mapped "{[/actuator/info],methods=[GET],produces=[application/vnd.spring-boot.actuator.v2+json || application/json]}" onto public java.lang.Object org.springframework.boot.actuate.endpoint.web.servlet.AbstractWebMvcEndpointHandlerMapping$OperationHandler.handle(javax.servlet.http.HttpServletRequest,java.util.Map<java.lang.String, java.lang.String>)
2018-11-07 11:58:23.161  INFO 2176 --- [           main] s.b.a.e.w.s.WebMvcEndpointHandlerMapping : Mapped "{[/actuator/metrics/{requiredMetricName}],methods=[GET],produces=[application/vnd.spring-boot.actuator.v2+json || application/json]}" onto public java.lang.Object org.springframework.boot.actuate.endpoint.web.servlet.AbstractWebMvcEndpointHandlerMapping$OperationHandler.handle(javax.servlet.http.HttpServletRequest,java.util.Map<java.lang.String, java.lang.String>)
2018-11-07 11:58:23.161  INFO 2176 --- [           main] s.b.a.e.w.s.WebMvcEndpointHandlerMapping : Mapped "{[/actuator/metrics],methods=[GET],produces=[application/vnd.spring-boot.actuator.v2+json || application/json]}" onto public java.lang.Object org.springframework.boot.actuate.endpoint.web.servlet.AbstractWebMvcEndpointHandlerMapping$OperationHandler.handle(javax.servlet.http.HttpServletRequest,java.util.Map<java.lang.String, java.lang.String>)
2018-11-07 11:58:23.161  INFO 2176 --- [           main] s.b.a.e.w.s.WebMvcEndpointHandlerMapping : Mapped "{[/actuator],methods=[GET],produces=[application/vnd.spring-boot.actuator.v2+json || application/json]}" onto protected java.util.Map<java.lang.String, java.util.Map<java.lang.String, org.springframework.boot.actuate.endpoint.web.Link>> org.springframework.boot.actuate.endpoint.web.servlet.WebMvcEndpointHandlerMapping.links(javax.servlet.http.HttpServletRequest,javax.servlet.http.HttpServletResponse)
2018-11-07 11:58:23.202  INFO 2176 --- [           main] o.s.j.e.a.AnnotationMBeanExporter        : Registering beans for JMX exposure on startup
2018-11-07 11:58:23.203  INFO 2176 --- [           main] o.s.j.e.a.AnnotationMBeanExporter        : Bean with name 'dataSource' has been autodetected for JMX exposure
2018-11-07 11:58:23.211  INFO 2176 --- [           main] o.s.j.e.a.AnnotationMBeanExporter        : Bean with name 'environmentManager' has been autodetected for JMX exposure
2018-11-07 11:58:23.212  INFO 2176 --- [           main] o.s.j.e.a.AnnotationMBeanExporter        : Bean with name 'refreshScope' has been autodetected for JMX exposure
2018-11-07 11:58:23.213  INFO 2176 --- [           main] o.s.j.e.a.AnnotationMBeanExporter        : Bean with name 'configurationPropertiesRebinder' has been autodetected for JMX exposure
2018-11-07 11:58:23.215  INFO 2176 --- [           main] o.s.j.e.a.AnnotationMBeanExporter        : Located managed bean 'environmentManager': registering with JMX server as MBean [org.springframework.cloud.context.environment:name=environmentManager,type=EnvironmentManager]
2018-11-07 11:58:23.224  INFO 2176 --- [           main] o.s.j.e.a.AnnotationMBeanExporter        : Located managed bean 'refreshScope': registering with JMX server as MBean [org.springframework.cloud.context.scope.refresh:name=refreshScope,type=RefreshScope]
2018-11-07 11:58:23.236  INFO 2176 --- [           main] o.s.j.e.a.AnnotationMBeanExporter        : Located managed bean 'configurationPropertiesRebinder': registering with JMX server as MBean [org.springframework.cloud.context.properties:name=configurationPropertiesRebinder,context=1e127982,type=ConfigurationPropertiesRebinder]
2018-11-07 11:58:23.243  INFO 2176 --- [           main] o.s.j.e.a.AnnotationMBeanExporter        : Located MBean 'dataSource': registering with JMX server as MBean [com.zaxxer.hikari:name=dataSource,type=HikariDataSource]
2018-11-07 11:58:23.254  INFO 2176 --- [           main] o.s.c.support.DefaultLifecycleProcessor  : Starting beans in phase 0
2018-11-07 11:58:23.270  INFO 2176 --- [           main] o.s.c.n.eureka.InstanceInfoFactory       : Setting initial instance status as: STARTING
2018-11-07 11:58:23.319  INFO 2176 --- [           main] com.netflix.discovery.DiscoveryClient    : Initializing Eureka in region us-east-1
2018-11-07 11:58:23.547  INFO 2176 --- [           main] c.n.d.provider.DiscoveryJerseyProvider   : Using JSON encoding codec LegacyJacksonJson
2018-11-07 11:58:23.547  INFO 2176 --- [           main] c.n.d.provider.DiscoveryJerseyProvider   : Using JSON decoding codec LegacyJacksonJson
2018-11-07 11:58:23.704  INFO 2176 --- [           main] c.n.d.provider.DiscoveryJerseyProvider   : Using XML encoding codec XStreamXml
2018-11-07 11:58:23.704  INFO 2176 --- [           main] c.n.d.provider.DiscoveryJerseyProvider   : Using XML decoding codec XStreamXml
2018-11-07 11:58:23.907  INFO 2176 --- [           main] c.n.d.s.r.aws.ConfigClusterResolver      : Resolving eureka endpoints via configuration
2018-11-07 11:58:23.933  INFO 2176 --- [           main] com.netflix.discovery.DiscoveryClient    : Disable delta property : false
2018-11-07 11:58:23.933  INFO 2176 --- [           main] com.netflix.discovery.DiscoveryClient    : Single vip registry refresh property : null
2018-11-07 11:58:23.933  INFO 2176 --- [           main] com.netflix.discovery.DiscoveryClient    : Force full registry fetch : false
2018-11-07 11:58:23.933  INFO 2176 --- [           main] com.netflix.discovery.DiscoveryClient    : Application is null : false
2018-11-07 11:58:23.933  INFO 2176 --- [           main] com.netflix.discovery.DiscoveryClient    : Registered Applications size is zero : true
2018-11-07 11:58:23.933  INFO 2176 --- [           main] com.netflix.discovery.DiscoveryClient    : Application version is -1: true
2018-11-07 11:58:23.933  INFO 2176 --- [           main] com.netflix.discovery.DiscoveryClient    : Getting all instance registry info from the eureka server
2018-11-07 11:58:24.063  INFO 2176 --- [           main] com.netflix.discovery.DiscoveryClient    : The response status is 200
2018-11-07 11:58:24.065  INFO 2176 --- [           main] com.netflix.discovery.DiscoveryClient    : Starting heartbeat executor: renew interval is: 30
2018-11-07 11:58:24.068  INFO 2176 --- [           main] c.n.discovery.InstanceInfoReplicator     : InstanceInfoReplicator onDemand update allowed rate per min is 4
2018-11-07 11:58:24.072  INFO 2176 --- [           main] com.netflix.discovery.DiscoveryClient    : Discovery Client initialized at timestamp 1541552304070 with initial instances count: 0
2018-11-07 11:58:24.076  INFO 2176 --- [           main] o.s.c.n.e.s.EurekaServiceRegistry        : Registering application orders_micro with eureka with status UP
2018-11-07 11:58:24.077  INFO 2176 --- [           main] com.netflix.discovery.DiscoveryClient    : Saw local status change event StatusChangeEvent [timestamp=1541552304077, current=UP, previous=STARTING]
2018-11-07 11:58:24.079  INFO 2176 --- [nfoReplicator-0] com.netflix.discovery.DiscoveryClient    : DiscoveryClient_ORDERS_MICRO/10.57.128.140:orders_micro:8087: registering service...
2018-11-07 11:58:24.139  INFO 2176 --- [nfoReplicator-0] com.netflix.discovery.DiscoveryClient    : DiscoveryClient_ORDERS_MICRO/10.57.128.140:orders_micro:8087 - registration status: 204
2018-11-07 11:58:24.141  INFO 2176 --- [           main] o.s.b.w.embedded.tomcat.TomcatWebServer  : Tomcat started on port(s): 8087 (http) with context path ''
2018-11-07 11:58:24.142  INFO 2176 --- [           main] .s.c.n.e.s.EurekaAutoServiceRegistration : Updating port to 8087
2018-11-07 11:58:24.144  INFO 2176 --- [           main] e.g.orderMicro.OrderMicroApplication     : Started OrderMicroApplication in 10.159 seconds (JVM running for 10.681)
2018-11-07 11:58:54.070  INFO 2176 --- [freshExecutor-0] com.netflix.discovery.DiscoveryClient    : Disable delta property : false
2018-11-07 11:58:54.070  INFO 2176 --- [freshExecutor-0] com.netflix.discovery.DiscoveryClient    : Single vip registry refresh property : null
2018-11-07 11:58:54.071  INFO 2176 --- [freshExecutor-0] com.netflix.discovery.DiscoveryClient    : Force full registry fetch : false
2018-11-07 11:58:54.071  INFO 2176 --- [freshExecutor-0] com.netflix.discovery.DiscoveryClient    : Application is null : false
2018-11-07 11:58:54.071  INFO 2176 --- [freshExecutor-0] com.netflix.discovery.DiscoveryClient    : Registered Applications size is zero : true
2018-11-07 11:58:54.071  INFO 2176 --- [freshExecutor-0] com.netflix.discovery.DiscoveryClient    : Application version is -1: false
2018-11-07 11:58:54.071  INFO 2176 --- [freshExecutor-0] com.netflix.discovery.DiscoveryClient    : Getting all instance registry info from the eureka server
2018-11-07 11:58:54.105  INFO 2176 --- [freshExecutor-0] com.netflix.discovery.DiscoveryClient    : The response status is 200
2018-11-07 12:03:23.936  INFO 2176 --- [trap-executor-0] c.n.d.s.r.aws.ConfigClusterResolver      : Resolving eureka endpoints via configuration
